<?xml version="1.0" encoding="UTF-8"?>
<robot generator="Robot 3.1.2 (Python 3.9.2 on win32)" generated="20210323 16:45:05.056" rpa="false">
<suite id="s1" name="PccUser" source="C:\Users\anurag.jain\Documents\GitHub\PCCAddUser\PccAddUser\FinalSuite\PccUser.robot">
<kw name="open firefox with proxy" type="setup">
<kw name="Evaluate" library="BuiltIn">
<doc>Evaluates the given expression in Python and returns the results.</doc>
<arguments>
<arg>sys.modules['selenium.webdriver'].FirefoxProfile()</arg>
<arg>sys</arg>
</arguments>
<assign>
<var>${profile}</var>
</assign>
<msg timestamp="20210323 16:45:05.441" level="INFO">${profile} = &lt;selenium.webdriver.firefox.firefox_profile.FirefoxProfile object at 0x000001EEC2502580&gt;</msg>
<status status="PASS" starttime="20210323 16:45:05.426" endtime="20210323 16:45:05.441"></status>
</kw>
<kw name="Call Method" library="BuiltIn">
<doc>Calls the named method of the given object with the provided arguments.</doc>
<arguments>
<arg>${profile}</arg>
<arg>set_preference</arg>
<arg>network.proxy.socks</arg>
<arg>127.0.0.1</arg>
</arguments>
<status status="PASS" starttime="20210323 16:45:05.441" endtime="20210323 16:45:05.441"></status>
</kw>
<kw name="Call Method" library="BuiltIn">
<doc>Calls the named method of the given object with the provided arguments.</doc>
<arguments>
<arg>${profile}</arg>
<arg>set_preference</arg>
<arg>network.proxy.socks_port</arg>
<arg>${9000}</arg>
</arguments>
<status status="PASS" starttime="20210323 16:45:05.441" endtime="20210323 16:45:05.441"></status>
</kw>
<kw name="Call Method" library="BuiltIn">
<doc>Calls the named method of the given object with the provided arguments.</doc>
<arguments>
<arg>${profile}</arg>
<arg>set_preference</arg>
<arg>network.proxy.socks_remote_dns</arg>
<arg>${True}</arg>
</arguments>
<status status="PASS" starttime="20210323 16:45:05.441" endtime="20210323 16:45:05.441"></status>
</kw>
<kw name="Call Method" library="BuiltIn">
<doc>Calls the named method of the given object with the provided arguments.</doc>
<arguments>
<arg>${profile}</arg>
<arg>set_preference</arg>
<arg>network.proxy.type</arg>
<arg>${1}</arg>
</arguments>
<status status="PASS" starttime="20210323 16:45:05.441" endtime="20210323 16:45:05.441"></status>
</kw>
<kw name="Create Webdriver" library="SeleniumLibrary">
<doc>Creates an instance of Selenium WebDriver.</doc>
<arguments>
<arg>Firefox</arg>
<arg>firefox_profile=${profile}</arg>
</arguments>
<msg timestamp="20210323 16:45:05.441" level="INFO">Creating an instance of the Firefox WebDriver.</msg>
<status status="PASS" starttime="20210323 16:45:05.441" endtime="20210323 16:45:14.982"></status>
</kw>
<kw name="Maximize Browser Window" library="SeleniumLibrary">
<doc>Maximizes current browser window.</doc>
<status status="PASS" starttime="20210323 16:45:14.982" endtime="20210323 16:45:15.013"></status>
</kw>
<kw name="Go To" library="SeleniumLibrary">
<doc>Navigates the current browser window to the provided ``url``.</doc>
<arguments>
<arg>${url}</arg>
</arguments>
<msg timestamp="20210323 16:45:15.013" level="INFO">Opening url 'https://172.17.2.242:9999/gui/login'</msg>
<status status="PASS" starttime="20210323 16:45:15.013" endtime="20210323 16:45:22.769"></status>
</kw>
<status status="PASS" starttime="20210323 16:45:05.426" endtime="20210323 16:45:22.769"></status>
</kw>
<test id="s1-t1" name="Create Tenants and Roles">
<kw name="LoginTest">
<kw name="Get Window Titles" library="SeleniumLibrary">
<doc>Returns and logs titles of all windows of the selected browser.</doc>
<assign>
<var>${titleOfPage}</var>
</assign>
<msg timestamp="20210323 16:45:22.822" level="INFO">Altogether 1 item.
1: Platina Command Center</msg>
<msg timestamp="20210323 16:45:22.822" level="INFO">${titleOfPage} = ['Platina Command Center']</msg>
<status status="PASS" starttime="20210323 16:45:22.769" endtime="20210323 16:45:22.822"></status>
</kw>
<kw name="Run Keyword If" library="BuiltIn">
<doc>Runs the given keyword with the given arguments, if ``condition`` is true.</doc>
<arguments>
<arg>${titleOfPage} == ['Warning: Potential Security Risk Ahead']</arg>
<arg>privacy error page</arg>
</arguments>
<status status="PASS" starttime="20210323 16:45:22.822" endtime="20210323 16:45:22.822"></status>
</kw>
<kw name="Input Text" library="SeleniumLibrary">
<doc>Types the given ``text`` into the text field identified by ``locator``.</doc>
<arguments>
<arg>xpath://*[@class="login-form"]//input[@class="form-control "]</arg>
<arg>${adminUserName}</arg>
</arguments>
<msg timestamp="20210323 16:45:22.822" level="INFO">Typing text 'admin' into text field 'xpath://*[@class="login-form"]//input[@class="form-control "]'.</msg>
<status status="PASS" starttime="20210323 16:45:22.822" endtime="20210323 16:45:22.907"></status>
</kw>
<kw name="Input Text" library="SeleniumLibrary">
<doc>Types the given ``text`` into the text field identified by ``locator``.</doc>
<arguments>
<arg>xpath://*[@class="login-form"]//input[@class="form-control"]</arg>
<arg>${adminPass}</arg>
</arguments>
<msg timestamp="20210323 16:45:22.922" level="INFO">Typing text 'admin' into text field 'xpath://*[@class="login-form"]//input[@class="form-control"]'.</msg>
<status status="PASS" starttime="20210323 16:45:22.907" endtime="20210323 16:45:22.991"></status>
</kw>
<kw name="Click Element" library="SeleniumLibrary">
<doc>Click the element identified by ``locator``.</doc>
<arguments>
<arg>xpath://*[@class="btn-block btn btn-primary"]</arg>
</arguments>
<msg timestamp="20210323 16:45:22.991" level="INFO">Clicking element 'xpath://*[@class="btn-block btn btn-primary"]'.</msg>
<status status="PASS" starttime="20210323 16:45:22.991" endtime="20210323 16:45:23.270"></status>
</kw>
<kw name="Sleep" library="BuiltIn">
<doc>Pauses the test executed for the given time.</doc>
<arguments>
<arg>4s</arg>
</arguments>
<msg timestamp="20210323 16:45:27.281" level="INFO">Slept 4 seconds</msg>
<status status="PASS" starttime="20210323 16:45:23.270" endtime="20210323 16:45:27.281"></status>
</kw>
<status status="PASS" starttime="20210323 16:45:22.769" endtime="20210323 16:45:27.281"></status>
</kw>
<kw name="CreateTenants">
<kw name="Wait Until Element Is Visible" library="SeleniumLibrary">
<doc>Waits until the element ``locator`` is visible.</doc>
<arguments>
<arg>xpath://a[starts-with(@href, '/gui/tenants')]</arg>
</arguments>
<status status="PASS" starttime="20210323 16:45:27.281" endtime="20210323 16:45:27.303"></status>
</kw>
<kw name="Click Element" library="SeleniumLibrary">
<doc>Click the element identified by ``locator``.</doc>
<arguments>
<arg>xpath://a[starts-with(@href, '/gui/tenants')]</arg>
</arguments>
<msg timestamp="20210323 16:45:27.303" level="INFO">Clicking element 'xpath://a[starts-with(@href, '/gui/tenants')]'.</msg>
<status status="PASS" starttime="20210323 16:45:27.303" endtime="20210323 16:45:27.620"></status>
</kw>
<kw name="Wait Until Element Is Visible" library="SeleniumLibrary">
<doc>Waits until the element ``locator`` is visible.</doc>
<arguments>
<arg>xpath://*[@class="pcc-icon pcc-add-icon undefined pcc-icon--active undefined"]</arg>
</arguments>
<status status="PASS" starttime="20210323 16:45:27.620" endtime="20210323 16:45:27.635"></status>
</kw>
<kw name="Click Element" library="SeleniumLibrary">
<doc>Click the element identified by ``locator``.</doc>
<arguments>
<arg>xpath://*[@class="pcc-icon pcc-add-icon undefined pcc-icon--active undefined"]</arg>
</arguments>
<msg timestamp="20210323 16:45:27.635" level="INFO">Clicking element 'xpath://*[@class="pcc-icon pcc-add-icon undefined pcc-icon--active undefined"]'.</msg>
<status status="PASS" starttime="20210323 16:45:27.635" endtime="20210323 16:45:27.952"></status>
</kw>
<kw name="Wait Until Page Contains" library="SeleniumLibrary">
<doc>Waits until ``text`` appears on the current page.</doc>
<arguments>
<arg>Add Tenant</arg>
</arguments>
<status status="PASS" starttime="20210323 16:45:27.952" endtime="20210323 16:45:27.967"></status>
</kw>
<kw name="Input Text" library="SeleniumLibrary">
<doc>Types the given ``text`` into the text field identified by ``locator``.</doc>
<arguments>
<arg>xpath://*[@class="modal-body"]//input[@name="name"]</arg>
<arg>tenant6</arg>
</arguments>
<msg timestamp="20210323 16:45:27.967" level="INFO">Typing text 'tenant6' into text field 'xpath://*[@class="modal-body"]//input[@name="name"]'.</msg>
<status status="PASS" starttime="20210323 16:45:27.967" endtime="20210323 16:45:28.052"></status>
</kw>
<kw name="Sleep" library="BuiltIn">
<doc>Pauses the test executed for the given time.</doc>
<arguments>
<arg>2s</arg>
</arguments>
<msg timestamp="20210323 16:45:30.057" level="INFO">Slept 2 seconds</msg>
<status status="PASS" starttime="20210323 16:45:28.052" endtime="20210323 16:45:30.057"></status>
</kw>
<kw name="Wait Until Element Is Visible" library="SeleniumLibrary">
<doc>Waits until the element ``locator`` is visible.</doc>
<arguments>
<arg>xpath://*[@class="create-button btn btn-primary"]</arg>
</arguments>
<status status="PASS" starttime="20210323 16:45:30.057" endtime="20210323 16:45:30.073"></status>
</kw>
<kw name="Click Element" library="SeleniumLibrary">
<doc>Click the element identified by ``locator``.</doc>
<arguments>
<arg>xpath://*[@class="create-button btn btn-primary"]</arg>
</arguments>
<msg timestamp="20210323 16:45:30.073" level="INFO">Clicking element 'xpath://*[@class="create-button btn btn-primary"]'.</msg>
<status status="PASS" starttime="20210323 16:45:30.073" endtime="20210323 16:45:30.343"></status>
</kw>
<kw name="Sleep" library="BuiltIn">
<doc>Pauses the test executed for the given time.</doc>
<arguments>
<arg>4s</arg>
</arguments>
<msg timestamp="20210323 16:45:34.353" level="INFO">Slept 4 seconds</msg>
<status status="PASS" starttime="20210323 16:45:30.343" endtime="20210323 16:45:34.353"></status>
</kw>
<status status="PASS" starttime="20210323 16:45:27.281" endtime="20210323 16:45:34.353"></status>
</kw>
<kw name="AddRoles">
<kw name="Wait Until Element Is Visible" library="SeleniumLibrary">
<doc>Waits until the element ``locator`` is visible.</doc>
<arguments>
<arg>xpath://a[starts-with(@href, '/gui/roles')]</arg>
</arguments>
<status status="PASS" starttime="20210323 16:45:34.353" endtime="20210323 16:45:34.368"></status>
</kw>
<kw name="Click Element" library="SeleniumLibrary">
<doc>Click the element identified by ``locator``.</doc>
<arguments>
<arg>xpath://a[starts-with(@href, '/gui/roles')]</arg>
</arguments>
<msg timestamp="20210323 16:45:34.368" level="INFO">Clicking element 'xpath://a[starts-with(@href, '/gui/roles')]'.</msg>
<status status="PASS" starttime="20210323 16:45:34.368" endtime="20210323 16:45:34.669"></status>
</kw>
<kw name="Sleep" library="BuiltIn">
<doc>Pauses the test executed for the given time.</doc>
<arguments>
<arg>5s</arg>
</arguments>
<msg timestamp="20210323 16:45:39.677" level="INFO">Slept 5 seconds</msg>
<status status="PASS" starttime="20210323 16:45:34.669" endtime="20210323 16:45:39.677"></status>
</kw>
<kw name="Wait Until Element Is Visible" library="SeleniumLibrary">
<doc>Waits until the element ``locator`` is visible.</doc>
<arguments>
<arg>xpath://*[@class="pcc-icon pcc-add-icon undefined pcc-icon--active undefined"]</arg>
</arguments>
<status status="PASS" starttime="20210323 16:45:39.677" endtime="20210323 16:45:39.692"></status>
</kw>
<kw name="Click Element" library="SeleniumLibrary">
<doc>Click the element identified by ``locator``.</doc>
<arguments>
<arg>xpath://*[@class="pcc-icon pcc-add-icon undefined pcc-icon--active undefined"]</arg>
</arguments>
<msg timestamp="20210323 16:45:39.692" level="INFO">Clicking element 'xpath://*[@class="pcc-icon pcc-add-icon undefined pcc-icon--active undefined"]'.</msg>
<status status="PASS" starttime="20210323 16:45:39.692" endtime="20210323 16:45:40.024"></status>
</kw>
<kw name="Wait Until Page Contains" library="SeleniumLibrary">
<doc>Waits until ``text`` appears on the current page.</doc>
<arguments>
<arg>Add Role</arg>
</arguments>
<status status="PASS" starttime="20210323 16:45:40.024" endtime="20210323 16:45:40.024"></status>
</kw>
<kw name="Input Text" library="SeleniumLibrary">
<doc>Types the given ``text`` into the text field identified by ``locator``.</doc>
<arguments>
<arg>xpath://*[@class="modal-body"]//input[@name="name"]</arg>
<arg>${roleName}</arg>
</arguments>
<msg timestamp="20210323 16:45:40.024" level="INFO">Typing text 'readOnly' into text field 'xpath://*[@class="modal-body"]//input[@name="name"]'.</msg>
<status status="PASS" starttime="20210323 16:45:40.024" endtime="20210323 16:45:40.109"></status>
</kw>
<kw name="Sleep" library="BuiltIn">
<doc>Pauses the test executed for the given time.</doc>
<arguments>
<arg>2s</arg>
</arguments>
<msg timestamp="20210323 16:45:42.115" level="INFO">Slept 2 seconds</msg>
<status status="PASS" starttime="20210323 16:45:40.109" endtime="20210323 16:45:42.115"></status>
</kw>
<kw name="Click Element" library="SeleniumLibrary">
<doc>Click the element identified by ``locator``.</doc>
<arguments>
<arg>xpath://*[@class="css-10nd86i"]</arg>
</arguments>
<msg timestamp="20210323 16:45:42.115" level="INFO">Clicking element 'xpath://*[@class="css-10nd86i"]'.</msg>
<status status="PASS" starttime="20210323 16:45:42.115" endtime="20210323 16:45:42.370"></status>
</kw>
<kw name="Click Element" library="SeleniumLibrary">
<doc>Click the element identified by ``locator``.</doc>
<arguments>
<arg>xpath:(//*[contains(text(),'tenant6')])[2]</arg>
</arguments>
<msg timestamp="20210323 16:45:42.370" level="INFO">Clicking element 'xpath:(//*[contains(text(),'tenant6')])[2]'.</msg>
<status status="PASS" starttime="20210323 16:45:42.370" endtime="20210323 16:45:42.601"></status>
</kw>
<kw name="Wait Until Page Contains" library="SeleniumLibrary">
<doc>Waits until ``text`` appears on the current page.</doc>
<arguments>
<arg>Service Management</arg>
</arguments>
<status status="PASS" starttime="20210323 16:45:42.601" endtime="20210323 16:45:42.601"></status>
</kw>
<kw name="Select Radio Button" library="SeleniumLibrary">
<doc>Sets the radio button group ``group_name`` to ``value``.</doc>
<arguments>
<arg>groupOperations.0.value</arg>
<arg>1</arg>
</arguments>
<msg timestamp="20210323 16:45:42.601" level="INFO">Selecting '1' from radio button 'groupOperations.0.value'.</msg>
<status status="PASS" starttime="20210323 16:45:42.601" endtime="20210323 16:45:42.848"></status>
</kw>
<kw name="Select Radio Button" library="SeleniumLibrary">
<doc>Sets the radio button group ``group_name`` to ``value``.</doc>
<arguments>
<arg>groupOperations.1.value</arg>
<arg>3</arg>
</arguments>
<msg timestamp="20210323 16:45:42.848" level="INFO">Selecting '3' from radio button 'groupOperations.1.value'.</msg>
<status status="PASS" starttime="20210323 16:45:42.848" endtime="20210323 16:45:43.086"></status>
</kw>
<kw name="Select Radio Button" library="SeleniumLibrary">
<doc>Sets the radio button group ``group_name`` to ``value``.</doc>
<arguments>
<arg>groupOperations.2.value</arg>
<arg>5</arg>
</arguments>
<msg timestamp="20210323 16:45:43.086" level="INFO">Selecting '5' from radio button 'groupOperations.2.value'.</msg>
<status status="PASS" starttime="20210323 16:45:43.086" endtime="20210323 16:45:43.317"></status>
</kw>
<kw name="Select Radio Button" library="SeleniumLibrary">
<doc>Sets the radio button group ``group_name`` to ``value``.</doc>
<arguments>
<arg>groupOperations.3.value</arg>
<arg>7</arg>
</arguments>
<msg timestamp="20210323 16:45:43.317" level="INFO">Selecting '7' from radio button 'groupOperations.3.value'.</msg>
<status status="PASS" starttime="20210323 16:45:43.317" endtime="20210323 16:45:43.548"></status>
</kw>
<kw name="Select Radio Button" library="SeleniumLibrary">
<doc>Sets the radio button group ``group_name`` to ``value``.</doc>
<arguments>
<arg>groupOperations.4.value</arg>
<arg>9</arg>
</arguments>
<msg timestamp="20210323 16:45:43.548" level="INFO">Selecting '9' from radio button 'groupOperations.4.value'.</msg>
<status status="PASS" starttime="20210323 16:45:43.548" endtime="20210323 16:45:43.802"></status>
</kw>
<kw name="Wait Until Element Is Enabled" library="SeleniumLibrary">
<doc>Waits until the element ``locator`` is enabled.</doc>
<arguments>
<arg>xpath://*[@class="create-button btn btn-primary"]</arg>
</arguments>
<status status="PASS" starttime="20210323 16:45:43.802" endtime="20210323 16:45:43.817"></status>
</kw>
<kw name="Click Element" library="SeleniumLibrary">
<doc>Click the element identified by ``locator``.</doc>
<arguments>
<arg>xpath://*[@class="create-button btn btn-primary"]</arg>
</arguments>
<msg timestamp="20210323 16:45:43.817" level="INFO">Clicking element 'xpath://*[@class="create-button btn btn-primary"]'.</msg>
<status status="PASS" starttime="20210323 16:45:43.817" endtime="20210323 16:45:44.133"></status>
</kw>
<kw name="Sleep" library="BuiltIn">
<doc>Pauses the test executed for the given time.</doc>
<arguments>
<arg>4s</arg>
</arguments>
<msg timestamp="20210323 16:45:48.141" level="INFO">Slept 4 seconds</msg>
<status status="PASS" starttime="20210323 16:45:44.133" endtime="20210323 16:45:48.141"></status>
</kw>
<status status="PASS" starttime="20210323 16:45:34.353" endtime="20210323 16:45:48.141"></status>
</kw>
<status status="PASS" starttime="20210323 16:45:22.769" endtime="20210323 16:45:48.141" critical="yes"></status>
</test>
<test id="s1-t2" name="Adding Admin User">
<kw name="AddUser admin">
<arguments>
<arg>${adminUserFName}</arg>
<arg>${adminUserLName}</arg>
<arg>${adminUserMailId}</arg>
</arguments>
<kw name="Wait Until Element Is Visible" library="SeleniumLibrary">
<doc>Waits until the element ``locator`` is visible.</doc>
<arguments>
<arg>xpath://a[starts-with(@href, '/gui/users')]</arg>
</arguments>
<status status="PASS" starttime="20210323 16:45:48.141" endtime="20210323 16:45:48.162"></status>
</kw>
<kw name="Click Element" library="SeleniumLibrary">
<doc>Click the element identified by ``locator``.</doc>
<arguments>
<arg>xpath://a[starts-with(@href, '/gui/users')]</arg>
</arguments>
<msg timestamp="20210323 16:45:48.162" level="INFO">Clicking element 'xpath://a[starts-with(@href, '/gui/users')]'.</msg>
<status status="PASS" starttime="20210323 16:45:48.162" endtime="20210323 16:45:48.479"></status>
</kw>
<kw name="Wait Until Element Is Visible" library="SeleniumLibrary">
<doc>Waits until the element ``locator`` is visible.</doc>
<arguments>
<arg>xpath://*[@class="pcc-icon pcc-add-icon undefined pcc-icon--active undefined"]</arg>
</arguments>
<status status="PASS" starttime="20210323 16:45:48.479" endtime="20210323 16:45:48.494"></status>
</kw>
<kw name="Click Element" library="SeleniumLibrary">
<doc>Click the element identified by ``locator``.</doc>
<arguments>
<arg>xpath://*[@class="pcc-icon pcc-add-icon undefined pcc-icon--active undefined"]</arg>
</arguments>
<msg timestamp="20210323 16:45:48.494" level="INFO">Clicking element 'xpath://*[@class="pcc-icon pcc-add-icon undefined pcc-icon--active undefined"]'.</msg>
<status status="PASS" starttime="20210323 16:45:48.494" endtime="20210323 16:45:48.815"></status>
</kw>
<kw name="Input Text" library="SeleniumLibrary">
<doc>Types the given ``text`` into the text field identified by ``locator``.</doc>
<arguments>
<arg>xpath://*[@class="modal-body"]//input[@name="firstname"]</arg>
<arg>${FName}</arg>
</arguments>
<msg timestamp="20210323 16:45:48.815" level="INFO">Typing text 'platina' into text field 'xpath://*[@class="modal-body"]//input[@name="firstname"]'.</msg>
<status status="PASS" starttime="20210323 16:45:48.815" endtime="20210323 16:45:48.900"></status>
</kw>
<kw name="Input Text" library="SeleniumLibrary">
<doc>Types the given ``text`` into the text field identified by ``locator``.</doc>
<arguments>
<arg>xpath://*[@class="modal-body"]//input[@name="lastname"]</arg>
<arg>${LName}</arg>
</arguments>
<msg timestamp="20210323 16:45:48.900" level="INFO">Typing text 'systems' into text field 'xpath://*[@class="modal-body"]//input[@name="lastname"]'.</msg>
<status status="PASS" starttime="20210323 16:45:48.900" endtime="20210323 16:45:49.000"></status>
</kw>
<kw name="Input Text" library="SeleniumLibrary">
<doc>Types the given ``text`` into the text field identified by ``locator``.</doc>
<arguments>
<arg>xpath://*[@class="modal-body"]//input[@name="username"]</arg>
<arg>${mailId}</arg>
</arguments>
<msg timestamp="20210323 16:45:49.000" level="INFO">Typing text 'platinasystems@gmail.com' into text field 'xpath://*[@class="modal-body"]//input[@name="username"]'.</msg>
<status status="PASS" starttime="20210323 16:45:49.000" endtime="20210323 16:45:49.201"></status>
</kw>
<kw name="Click Element" library="SeleniumLibrary">
<doc>Click the element identified by ``locator``.</doc>
<arguments>
<arg>xpath://*[@class="form-group"][4]/*[@class="css-10nd86i"]</arg>
</arguments>
<msg timestamp="20210323 16:45:49.201" level="INFO">Clicking element 'xpath://*[@class="form-group"][4]/*[@class="css-10nd86i"]'.</msg>
<status status="PASS" starttime="20210323 16:45:49.201" endtime="20210323 16:45:49.464"></status>
</kw>
<kw name="Press Keys" library="SeleniumLibrary">
<doc>Simulates the user pressing key(s) to an element or on the active browser.</doc>
<arguments>
<arg>None</arg>
<arg>ENTER</arg>
</arguments>
<msg timestamp="20210323 16:45:49.464" level="INFO">Sending key(s) ('ENTER',) to page.</msg>
<msg timestamp="20210323 16:45:49.464" level="INFO">Pressing special key ENTER to browser.</msg>
<msg timestamp="20210323 16:45:49.464" level="INFO">Releasing special key ENTER.</msg>
<status status="PASS" starttime="20210323 16:45:49.464" endtime="20210323 16:45:49.517"></status>
</kw>
<kw name="Sleep" library="BuiltIn">
<doc>Pauses the test executed for the given time.</doc>
<arguments>
<arg>2s</arg>
</arguments>
<msg timestamp="20210323 16:45:51.519" level="INFO">Slept 2 seconds</msg>
<status status="PASS" starttime="20210323 16:45:49.517" endtime="20210323 16:45:51.519"></status>
</kw>
<kw name="Click Element" library="SeleniumLibrary">
<doc>Click the element identified by ``locator``.</doc>
<arguments>
<arg>xpath://*[@class="form-group"][5]/*[@class="css-10nd86i"]</arg>
</arguments>
<msg timestamp="20210323 16:45:51.519" level="INFO">Clicking element 'xpath://*[@class="form-group"][5]/*[@class="css-10nd86i"]'.</msg>
<status status="PASS" starttime="20210323 16:45:51.519" endtime="20210323 16:45:51.751"></status>
</kw>
<kw name="Press Keys" library="SeleniumLibrary">
<doc>Simulates the user pressing key(s) to an element or on the active browser.</doc>
<arguments>
<arg>None</arg>
<arg>ENTER</arg>
</arguments>
<msg timestamp="20210323 16:45:51.751" level="INFO">Sending key(s) ('ENTER',) to page.</msg>
<msg timestamp="20210323 16:45:51.751" level="INFO">Pressing special key ENTER to browser.</msg>
<msg timestamp="20210323 16:45:51.751" level="INFO">Releasing special key ENTER.</msg>
<status status="PASS" starttime="20210323 16:45:51.751" endtime="20210323 16:45:51.767"></status>
</kw>
<kw name="Sleep" library="BuiltIn">
<doc>Pauses the test executed for the given time.</doc>
<arguments>
<arg>2s</arg>
</arguments>
<msg timestamp="20210323 16:45:53.771" level="INFO">Slept 2 seconds</msg>
<status status="PASS" starttime="20210323 16:45:51.767" endtime="20210323 16:45:53.771"></status>
</kw>
<kw name="Wait Until Element Is Visible" library="SeleniumLibrary">
<doc>Waits until the element ``locator`` is visible.</doc>
<arguments>
<arg>xpath://*[@class="create-button btn btn-primary"]</arg>
</arguments>
<status status="PASS" starttime="20210323 16:45:53.771" endtime="20210323 16:45:53.793"></status>
</kw>
<kw name="Click Element" library="SeleniumLibrary">
<doc>Click the element identified by ``locator``.</doc>
<arguments>
<arg>xpath://*[@class="create-button btn btn-primary"]</arg>
</arguments>
<msg timestamp="20210323 16:45:53.793" level="INFO">Clicking element 'xpath://*[@class="create-button btn btn-primary"]'.</msg>
<status status="PASS" starttime="20210323 16:45:53.793" endtime="20210323 16:45:54.109"></status>
</kw>
<kw name="Sleep" library="BuiltIn">
<doc>Pauses the test executed for the given time.</doc>
<arguments>
<arg>10s</arg>
</arguments>
<msg timestamp="20210323 16:46:04.115" level="INFO">Slept 10 seconds</msg>
<status status="PASS" starttime="20210323 16:45:54.109" endtime="20210323 16:46:04.115"></status>
</kw>
<status status="PASS" starttime="20210323 16:45:48.141" endtime="20210323 16:46:04.115"></status>
</kw>
<kw name="OpenMail">
<arguments>
<arg>${adminUserMailId}</arg>
<arg>${adminUserMailPass}</arg>
</arguments>
<kw name="Open Mailbox" library="ImapLibrary2">
<doc>Open IMAP email client session to given ``host`` with given ``user`` and ``password``.</doc>
<arguments>
<arg>server=imap.googlemail.com</arg>
<arg>user=${mailId}</arg>
<arg>password=${mailPass}</arg>
</arguments>
<status status="PASS" starttime="20210323 16:46:04.115" endtime="20210323 16:46:05.457"></status>
</kw>
<kw name="Wait For Email" library="ImapLibrary2">
<doc>Wait for email message to arrived base on any given filter criteria.
Returns email index of the latest email message received.</doc>
<arguments>
<arg>fromEmail=${pccNotificationMailId}</arg>
</arguments>
<assign>
<var>${getLatestMail}</var>
</assign>
<msg timestamp="20210323 16:46:06.005" level="INFO">${getLatestMail} = 59</msg>
<status status="PASS" starttime="20210323 16:46:05.457" endtime="20210323 16:46:06.005"></status>
</kw>
<kw name="Get Links From Email" library="ImapLibrary2">
<doc>Returns all links found in the email body from given ``email_index``.</doc>
<arguments>
<arg>${getLatestMail}</arg>
</arguments>
<assign>
<var>${getLink}</var>
</assign>
<msg timestamp="20210323 16:46:06.443" level="INFO">${getLink} = ['https://www.platinasystems.com/', 'https://172.17.2.242:9999/gui/setPass/token=eyJhbGciOiJIUzUxMiJ9.eyJzdWIiOiJwbGF0aW5hc3lzdGVtc0BnbWFpbC5jb20iLCJleHAiOjE2MTcxMDI5NTUsImlhdCI6MTYxNjQ5ODE1NX0.sLSkEC...</msg>
<status status="PASS" starttime="20210323 16:46:06.005" endtime="20210323 16:46:06.443"></status>
</kw>
<kw name="Log" library="BuiltIn">
<doc>Logs the given message with the given level.</doc>
<arguments>
<arg>get link is ${getLink}</arg>
</arguments>
<msg timestamp="20210323 16:46:06.443" level="INFO">get link is ['https://www.platinasystems.com/', 'https://172.17.2.242:9999/gui/setPass/token=eyJhbGciOiJIUzUxMiJ9.eyJzdWIiOiJwbGF0aW5hc3lzdGVtc0BnbWFpbC5jb20iLCJleHAiOjE2MTcxMDI5NTUsImlhdCI6MTYxNjQ5ODE1NX0.sLSkECT_5-XbJPjparwFcJ6419WibJZ-oS06s8mwgx_zfwKINWxUaSpFomp5DCmD-3sVOp-TGyKxdaz4SEKBww', 'https://172.17.2.242:9999/gui/setPass/token=eyJhbGciOiJIUzUxMiJ9.eyJzdWIiOiJwbGF0aW5hc3lzdGVtc0BnbWFpbC5jb20iLCJleHAiOjE2MTcxMDI5NTUsImlhdCI6MTYxNjQ5ODE1NX0.sLSkECT_5-XbJPjparwFcJ6419WibJZ-oS06s8mwgx_zfwKINWxUaSpFomp5DCmD-3sVOp-TGyKxdaz4SEKBww']</msg>
<status status="PASS" starttime="20210323 16:46:06.443" endtime="20210323 16:46:06.443"></status>
</kw>
<kw name="Set Global Variable" library="BuiltIn">
<doc>Makes a variable available globally in all tests and suites.</doc>
<arguments>
<arg>${passwordLink}</arg>
<arg>${getLink}[2]</arg>
</arguments>
<msg timestamp="20210323 16:46:06.443" level="INFO">${passwordLink} = https://172.17.2.242:9999/gui/setPass/token=eyJhbGciOiJIUzUxMiJ9.eyJzdWIiOiJwbGF0aW5hc3lzdGVtc0BnbWFpbC5jb20iLCJleHAiOjE2MTcxMDI5NTUsImlhdCI6MTYxNjQ5ODE1NX0.sLSkECT_5-XbJPjparwFcJ6419WibJZ-oS06s8mwgx_...</msg>
<status status="PASS" starttime="20210323 16:46:06.443" endtime="20210323 16:46:06.443"></status>
</kw>
<kw name="Close Mailbox" library="ImapLibrary2">
<doc>Close IMAP email client session.</doc>
<status status="PASS" starttime="20210323 16:46:06.443" endtime="20210323 16:46:06.706"></status>
</kw>
<status status="PASS" starttime="20210323 16:46:04.115" endtime="20210323 16:46:06.706"></status>
</kw>
<kw name="SetPassword">
<arguments>
<arg>${passwordLink}</arg>
<arg>${newUserPass}</arg>
</arguments>
<kw name="Go To" library="SeleniumLibrary">
<doc>Navigates the current browser window to the provided ``url``.</doc>
<arguments>
<arg>${passwordLink}</arg>
</arguments>
<msg timestamp="20210323 16:46:06.706" level="INFO">Opening url 'https://172.17.2.242:9999/gui/setPass/token=eyJhbGciOiJIUzUxMiJ9.eyJzdWIiOiJwbGF0aW5hc3lzdGVtc0BnbWFpbC5jb20iLCJleHAiOjE2MTcxMDI5NTUsImlhdCI6MTYxNjQ5ODE1NX0.sLSkECT_5-XbJPjparwFcJ6419WibJZ-oS06s8mwgx_zfwKINWxUaSpFomp5DCmD-3sVOp-TGyKxdaz4SEKBww'</msg>
<status status="PASS" starttime="20210323 16:46:06.706" endtime="20210323 16:46:07.831"></status>
</kw>
<kw name="Input Text" library="SeleniumLibrary">
<doc>Types the given ``text`` into the text field identified by ``locator``.</doc>
<arguments>
<arg>xpath://input[@name="password"]</arg>
<arg>${newUserPass}</arg>
</arguments>
<msg timestamp="20210323 16:46:07.831" level="INFO">Typing text 'calsoft' into text field 'xpath://input[@name="password"]'.</msg>
<status status="PASS" starttime="20210323 16:46:07.831" endtime="20210323 16:46:07.931"></status>
</kw>
<kw name="Input Text" library="SeleniumLibrary">
<doc>Types the given ``text`` into the text field identified by ``locator``.</doc>
<arguments>
<arg>xpath://input[@name="confirmPassword"]</arg>
<arg>${newUserPass}</arg>
</arguments>
<msg timestamp="20210323 16:46:07.931" level="INFO">Typing text 'calsoft' into text field 'xpath://input[@name="confirmPassword"]'.</msg>
<status status="PASS" starttime="20210323 16:46:07.931" endtime="20210323 16:46:08.031"></status>
</kw>
<kw name="Click Element" library="SeleniumLibrary">
<doc>Click the element identified by ``locator``.</doc>
<arguments>
<arg>xpath://*[@class="btn-block btn btn-primary"]</arg>
</arguments>
<msg timestamp="20210323 16:46:08.031" level="INFO">Clicking element 'xpath://*[@class="btn-block btn btn-primary"]'.</msg>
<status status="PASS" starttime="20210323 16:46:08.031" endtime="20210323 16:46:08.279"></status>
</kw>
<status status="PASS" starttime="20210323 16:46:06.706" endtime="20210323 16:46:08.279"></status>
</kw>
<kw name="LoginWithNewUser">
<arguments>
<arg>${adminUserMailId}</arg>
<arg>${newUserPass}</arg>
</arguments>
<kw name="Wait Until Page Contains" library="SeleniumLibrary">
<doc>Waits until ``text`` appears on the current page.</doc>
<arguments>
<arg>Login</arg>
</arguments>
<status status="PASS" starttime="20210323 16:46:08.279" endtime="20210323 16:46:09.082"></status>
</kw>
<kw name="Input Text" library="SeleniumLibrary">
<doc>Types the given ``text`` into the text field identified by ``locator``.</doc>
<arguments>
<arg>xpath://*[@class="login-form"]//input[@class="form-control "]</arg>
<arg>${mailId}</arg>
</arguments>
<msg timestamp="20210323 16:46:09.082" level="INFO">Typing text 'platinasystems@gmail.com' into text field 'xpath://*[@class="login-form"]//input[@class="form-control "]'.</msg>
<status status="PASS" starttime="20210323 16:46:09.082" endtime="20210323 16:46:09.198"></status>
</kw>
<kw name="Input Text" library="SeleniumLibrary">
<doc>Types the given ``text`` into the text field identified by ``locator``.</doc>
<arguments>
<arg>xpath://*[@class="login-form"]//input[@class="form-control"]</arg>
<arg>${newUserPass}</arg>
</arguments>
<msg timestamp="20210323 16:46:09.198" level="INFO">Typing text 'calsoft' into text field 'xpath://*[@class="login-form"]//input[@class="form-control"]'.</msg>
<status status="PASS" starttime="20210323 16:46:09.198" endtime="20210323 16:46:09.251"></status>
</kw>
<kw name="Click Element" library="SeleniumLibrary">
<doc>Click the element identified by ``locator``.</doc>
<arguments>
<arg>xpath://*[@class="btn-block btn btn-primary"]</arg>
</arguments>
<msg timestamp="20210323 16:46:09.251" level="INFO">Clicking element 'xpath://*[@class="btn-block btn btn-primary"]'.</msg>
<status status="PASS" starttime="20210323 16:46:09.251" endtime="20210323 16:46:09.498"></status>
</kw>
<status status="PASS" starttime="20210323 16:46:08.279" endtime="20210323 16:46:09.498"></status>
</kw>
<kw name="LogOutCurrentUser">
<kw name="Sleep" library="BuiltIn">
<doc>Pauses the test executed for the given time.</doc>
<arguments>
<arg>15s</arg>
</arguments>
<msg timestamp="20210323 16:46:24.506" level="INFO">Slept 15 seconds</msg>
<status status="PASS" starttime="20210323 16:46:09.498" endtime="20210323 16:46:24.506"></status>
</kw>
<kw name="Click Element" library="SeleniumLibrary">
<doc>Click the element identified by ``locator``.</doc>
<arguments>
<arg>xpath://*[@class="profile-icon"]</arg>
</arguments>
<msg timestamp="20210323 16:46:24.506" level="INFO">Clicking element 'xpath://*[@class="profile-icon"]'.</msg>
<status status="PASS" starttime="20210323 16:46:24.506" endtime="20210323 16:46:24.760"></status>
</kw>
<kw name="Wait Until Page Contains" library="SeleniumLibrary">
<doc>Waits until ``text`` appears on the current page.</doc>
<arguments>
<arg>Log out</arg>
</arguments>
<status status="PASS" starttime="20210323 16:46:24.760" endtime="20210323 16:46:24.760"></status>
</kw>
<kw name="Click Element" library="SeleniumLibrary">
<doc>Click the element identified by ``locator``.</doc>
<arguments>
<arg>xpath://*[@class="user-settings-menu__item"][2]</arg>
</arguments>
<msg timestamp="20210323 16:46:24.760" level="INFO">Clicking element 'xpath://*[@class="user-settings-menu__item"][2]'.</msg>
<status status="PASS" starttime="20210323 16:46:24.760" endtime="20210323 16:46:25.008"></status>
</kw>
<status status="PASS" starttime="20210323 16:46:09.498" endtime="20210323 16:46:25.008"></status>
</kw>
<kw name="LoginToAdmin">
<arguments>
<arg>${adminUserName}</arg>
<arg>${adminPass}</arg>
</arguments>
<kw name="Wait Until Page Contains" library="SeleniumLibrary">
<doc>Waits until ``text`` appears on the current page.</doc>
<arguments>
<arg>Login</arg>
</arguments>
<status status="PASS" starttime="20210323 16:46:25.008" endtime="20210323 16:46:25.008"></status>
</kw>
<kw name="Input Text" library="SeleniumLibrary">
<doc>Types the given ``text`` into the text field identified by ``locator``.</doc>
<arguments>
<arg>xpath://*[@class="login-form"]//input[@class="form-control "]</arg>
<arg>${adminUserName}</arg>
</arguments>
<msg timestamp="20210323 16:46:25.008" level="INFO">Typing text 'admin' into text field 'xpath://*[@class="login-form"]//input[@class="form-control "]'.</msg>
<status status="PASS" starttime="20210323 16:46:25.008" endtime="20210323 16:46:25.061"></status>
</kw>
<kw name="Input Text" library="SeleniumLibrary">
<doc>Types the given ``text`` into the text field identified by ``locator``.</doc>
<arguments>
<arg>xpath://*[@class="login-form"]//input[@class="form-control"]</arg>
<arg>${adminPass}</arg>
</arguments>
<msg timestamp="20210323 16:46:25.061" level="INFO">Typing text 'admin' into text field 'xpath://*[@class="login-form"]//input[@class="form-control"]'.</msg>
<status status="PASS" starttime="20210323 16:46:25.061" endtime="20210323 16:46:25.123"></status>
</kw>
<kw name="Click Element" library="SeleniumLibrary">
<doc>Click the element identified by ``locator``.</doc>
<arguments>
<arg>xpath://*[@class="btn-block btn btn-primary"]</arg>
</arguments>
<msg timestamp="20210323 16:46:25.123" level="INFO">Clicking element 'xpath://*[@class="btn-block btn btn-primary"]'.</msg>
<status status="PASS" starttime="20210323 16:46:25.123" endtime="20210323 16:46:25.378"></status>
</kw>
<status status="PASS" starttime="20210323 16:46:25.008" endtime="20210323 16:46:25.378"></status>
</kw>
<status status="PASS" starttime="20210323 16:45:48.141" endtime="20210323 16:46:25.378" critical="yes"></status>
</test>
<test id="s1-t3" name="Adding ReadOnly User">
<kw name="AddUser readOnly">
<arguments>
<arg>${ReadOnlyUserFName}</arg>
<arg>${ReadOnlyUserLName}</arg>
<arg>${ReadOnlyUserMailId}</arg>
</arguments>
<kw name="Wait Until Element Is Visible" library="SeleniumLibrary">
<doc>Waits until the element ``locator`` is visible.</doc>
<arguments>
<arg>xpath://a[starts-with(@href, '/gui/users')]</arg>
</arguments>
<status status="PASS" starttime="20210323 16:46:25.378" endtime="20210323 16:46:27.414"></status>
</kw>
<kw name="Click Element" library="SeleniumLibrary">
<doc>Click the element identified by ``locator``.</doc>
<arguments>
<arg>xpath://a[starts-with(@href, '/gui/users')]</arg>
</arguments>
<msg timestamp="20210323 16:46:27.414" level="INFO">Clicking element 'xpath://a[starts-with(@href, '/gui/users')]'.</msg>
<status status="PASS" starttime="20210323 16:46:27.414" endtime="20210323 16:46:27.768"></status>
</kw>
<kw name="Wait Until Element Is Visible" library="SeleniumLibrary">
<doc>Waits until the element ``locator`` is visible.</doc>
<arguments>
<arg>xpath://*[@class="pcc-icon pcc-add-icon undefined pcc-icon--active undefined"]</arg>
</arguments>
<status status="PASS" starttime="20210323 16:46:27.768" endtime="20210323 16:46:27.784"></status>
</kw>
<kw name="Click Element" library="SeleniumLibrary">
<doc>Click the element identified by ``locator``.</doc>
<arguments>
<arg>xpath://*[@class="pcc-icon pcc-add-icon undefined pcc-icon--active undefined"]</arg>
</arguments>
<msg timestamp="20210323 16:46:27.784" level="INFO">Clicking element 'xpath://*[@class="pcc-icon pcc-add-icon undefined pcc-icon--active undefined"]'.</msg>
<status status="PASS" starttime="20210323 16:46:27.784" endtime="20210323 16:46:28.116"></status>
</kw>
<kw name="Input Text" library="SeleniumLibrary">
<doc>Types the given ``text`` into the text field identified by ``locator``.</doc>
<arguments>
<arg>xpath://*[@class="modal-body"]//input[@name="firstname"]</arg>
<arg>${FName}</arg>
</arguments>
<msg timestamp="20210323 16:46:28.116" level="INFO">Typing text 'calsoft' into text field 'xpath://*[@class="modal-body"]//input[@name="firstname"]'.</msg>
<status status="PASS" starttime="20210323 16:46:28.116" endtime="20210323 16:46:28.216"></status>
</kw>
<kw name="Input Text" library="SeleniumLibrary">
<doc>Types the given ``text`` into the text field identified by ``locator``.</doc>
<arguments>
<arg>xpath://*[@class="modal-body"]//input[@name="lastname"]</arg>
<arg>${LName}</arg>
</arguments>
<msg timestamp="20210323 16:46:28.216" level="INFO">Typing text 'platina' into text field 'xpath://*[@class="modal-body"]//input[@name="lastname"]'.</msg>
<status status="PASS" starttime="20210323 16:46:28.216" endtime="20210323 16:46:28.301"></status>
</kw>
<kw name="Input Text" library="SeleniumLibrary">
<doc>Types the given ``text`` into the text field identified by ``locator``.</doc>
<arguments>
<arg>xpath://*[@class="modal-body"]//input[@name="username"]</arg>
<arg>${mailId}</arg>
</arguments>
<msg timestamp="20210323 16:46:28.301" level="INFO">Typing text 'calsoftplatina@gmail.com' into text field 'xpath://*[@class="modal-body"]//input[@name="username"]'.</msg>
<status status="PASS" starttime="20210323 16:46:28.301" endtime="20210323 16:46:28.486"></status>
</kw>
<kw name="Click Element" library="SeleniumLibrary">
<doc>Click the element identified by ``locator``.</doc>
<arguments>
<arg>xpath://*[@class="form-group"][4]/*[@class="css-10nd86i"]</arg>
</arguments>
<msg timestamp="20210323 16:46:28.486" level="INFO">Clicking element 'xpath://*[@class="form-group"][4]/*[@class="css-10nd86i"]'.</msg>
<status status="PASS" starttime="20210323 16:46:28.486" endtime="20210323 16:46:28.749"></status>
</kw>
<kw name="Sleep" library="BuiltIn">
<doc>Pauses the test executed for the given time.</doc>
<arguments>
<arg>2s</arg>
</arguments>
<msg timestamp="20210323 16:46:30.755" level="INFO">Slept 2 seconds</msg>
<status status="PASS" starttime="20210323 16:46:28.749" endtime="20210323 16:46:30.755"></status>
</kw>
<kw name="Click Element" library="SeleniumLibrary">
<doc>Click the element identified by ``locator``.</doc>
<arguments>
<arg>xpath://*[contains(text(),'tenant6')]</arg>
</arguments>
<msg timestamp="20210323 16:46:30.755" level="INFO">Clicking element 'xpath://*[contains(text(),'tenant6')]'.</msg>
<status status="PASS" starttime="20210323 16:46:30.755" endtime="20210323 16:46:30.993"></status>
</kw>
<kw name="Sleep" library="BuiltIn">
<doc>Pauses the test executed for the given time.</doc>
<arguments>
<arg>2s</arg>
</arguments>
<msg timestamp="20210323 16:46:32.999" level="INFO">Slept 2 seconds</msg>
<status status="PASS" starttime="20210323 16:46:30.993" endtime="20210323 16:46:32.999"></status>
</kw>
<kw name="Click Element" library="SeleniumLibrary">
<doc>Click the element identified by ``locator``.</doc>
<arguments>
<arg>xpath://*[@class="form-group"][5]/*[@class="css-10nd86i"]</arg>
</arguments>
<msg timestamp="20210323 16:46:32.999" level="INFO">Clicking element 'xpath://*[@class="form-group"][5]/*[@class="css-10nd86i"]'.</msg>
<status status="PASS" starttime="20210323 16:46:32.999" endtime="20210323 16:46:33.230"></status>
</kw>
<kw name="Sleep" library="BuiltIn">
<doc>Pauses the test executed for the given time.</doc>
<arguments>
<arg>2s</arg>
</arguments>
<msg timestamp="20210323 16:46:35.233" level="INFO">Slept 2 seconds</msg>
<status status="PASS" starttime="20210323 16:46:33.230" endtime="20210323 16:46:35.233"></status>
</kw>
<kw name="Click Element" library="SeleniumLibrary">
<doc>Click the element identified by ``locator``.</doc>
<arguments>
<arg>xpath://*[contains(text(),'ADMIN (tenant6)')]</arg>
</arguments>
<msg timestamp="20210323 16:46:35.233" level="INFO">Clicking element 'xpath://*[contains(text(),'ADMIN (tenant6)')]'.</msg>
<status status="PASS" starttime="20210323 16:46:35.233" endtime="20210323 16:46:35.465"></status>
</kw>
<kw name="Sleep" library="BuiltIn">
<doc>Pauses the test executed for the given time.</doc>
<arguments>
<arg>2s</arg>
</arguments>
<msg timestamp="20210323 16:46:37.470" level="INFO">Slept 2 seconds</msg>
<status status="PASS" starttime="20210323 16:46:35.465" endtime="20210323 16:46:37.470"></status>
</kw>
<kw name="Wait Until Element Is Visible" library="SeleniumLibrary">
<doc>Waits until the element ``locator`` is visible.</doc>
<arguments>
<arg>xpath://*[@class="create-button btn btn-primary"]</arg>
</arguments>
<status status="PASS" starttime="20210323 16:46:37.470" endtime="20210323 16:46:37.492"></status>
</kw>
<kw name="Click Element" library="SeleniumLibrary">
<doc>Click the element identified by ``locator``.</doc>
<arguments>
<arg>xpath://*[@class="create-button btn btn-primary"]</arg>
</arguments>
<msg timestamp="20210323 16:46:37.492" level="INFO">Clicking element 'xpath://*[@class="create-button btn btn-primary"]'.</msg>
<status status="PASS" starttime="20210323 16:46:37.492" endtime="20210323 16:46:37.793"></status>
</kw>
<kw name="Sleep" library="BuiltIn">
<doc>Pauses the test executed for the given time.</doc>
<arguments>
<arg>10s</arg>
</arguments>
<msg timestamp="20210323 16:46:47.795" level="INFO">Slept 10 seconds</msg>
<status status="PASS" starttime="20210323 16:46:37.793" endtime="20210323 16:46:47.795"></status>
</kw>
<status status="PASS" starttime="20210323 16:46:25.378" endtime="20210323 16:46:47.795"></status>
</kw>
<kw name="OpenMail">
<arguments>
<arg>${ReadOnlyUserMailId}</arg>
<arg>${ReadOnlyUserMailPass}</arg>
</arguments>
<kw name="Open Mailbox" library="ImapLibrary2">
<doc>Open IMAP email client session to given ``host`` with given ``user`` and ``password``.</doc>
<arguments>
<arg>server=imap.googlemail.com</arg>
<arg>user=${mailId}</arg>
<arg>password=${mailPass}</arg>
</arguments>
<status status="PASS" starttime="20210323 16:46:47.795" endtime="20210323 16:46:50.137"></status>
</kw>
<kw name="Wait For Email" library="ImapLibrary2">
<doc>Wait for email message to arrived base on any given filter criteria.
Returns email index of the latest email message received.</doc>
<arguments>
<arg>fromEmail=${pccNotificationMailId}</arg>
</arguments>
<assign>
<var>${getLatestMail}</var>
</assign>
<msg timestamp="20210323 16:46:50.740" level="INFO">${getLatestMail} = 41</msg>
<status status="PASS" starttime="20210323 16:46:50.137" endtime="20210323 16:46:50.740"></status>
</kw>
<kw name="Get Links From Email" library="ImapLibrary2">
<doc>Returns all links found in the email body from given ``email_index``.</doc>
<arguments>
<arg>${getLatestMail}</arg>
</arguments>
<assign>
<var>${getLink}</var>
</assign>
<msg timestamp="20210323 16:46:51.140" level="INFO">${getLink} = ['https://www.platinasystems.com/', 'https://172.17.2.242:9999/gui/setPass/token=eyJhbGciOiJIUzUxMiJ9.eyJzdWIiOiJjYWxzb2Z0cGxhdGluYUBnbWFpbC5jb20iLCJleHAiOjE2MTcxMDI5OTksImlhdCI6MTYxNjQ5ODE5OX0.DLEHqB...</msg>
<status status="PASS" starttime="20210323 16:46:50.740" endtime="20210323 16:46:51.140"></status>
</kw>
<kw name="Log" library="BuiltIn">
<doc>Logs the given message with the given level.</doc>
<arguments>
<arg>get link is ${getLink}</arg>
</arguments>
<msg timestamp="20210323 16:46:51.140" level="INFO">get link is ['https://www.platinasystems.com/', 'https://172.17.2.242:9999/gui/setPass/token=eyJhbGciOiJIUzUxMiJ9.eyJzdWIiOiJjYWxzb2Z0cGxhdGluYUBnbWFpbC5jb20iLCJleHAiOjE2MTcxMDI5OTksImlhdCI6MTYxNjQ5ODE5OX0.DLEHqB45_iqfbMtmYC8uUE3YScjW-6Xs00a5JMmAsQySEdweETj2pqVNAmfwk7vmWAr_BQgU8Oz6L0goMblfkQ', 'https://172.17.2.242:9999/gui/setPass/token=eyJhbGciOiJIUzUxMiJ9.eyJzdWIiOiJjYWxzb2Z0cGxhdGluYUBnbWFpbC5jb20iLCJleHAiOjE2MTcxMDI5OTksImlhdCI6MTYxNjQ5ODE5OX0.DLEHqB45_iqfbMtmYC8uUE3YScjW-6Xs00a5JMmAsQySEdweETj2pqVNAmfwk7vmWAr_BQgU8Oz6L0goMblfkQ']</msg>
<status status="PASS" starttime="20210323 16:46:51.140" endtime="20210323 16:46:51.140"></status>
</kw>
<kw name="Set Global Variable" library="BuiltIn">
<doc>Makes a variable available globally in all tests and suites.</doc>
<arguments>
<arg>${passwordLink}</arg>
<arg>${getLink}[2]</arg>
</arguments>
<msg timestamp="20210323 16:46:51.140" level="INFO">${passwordLink} = https://172.17.2.242:9999/gui/setPass/token=eyJhbGciOiJIUzUxMiJ9.eyJzdWIiOiJjYWxzb2Z0cGxhdGluYUBnbWFpbC5jb20iLCJleHAiOjE2MTcxMDI5OTksImlhdCI6MTYxNjQ5ODE5OX0.DLEHqB45_iqfbMtmYC8uUE3YScjW-6Xs00a5JMmAsQy...</msg>
<status status="PASS" starttime="20210323 16:46:51.140" endtime="20210323 16:46:51.140"></status>
</kw>
<kw name="Close Mailbox" library="ImapLibrary2">
<doc>Close IMAP email client session.</doc>
<status status="PASS" starttime="20210323 16:46:51.140" endtime="20210323 16:46:51.425"></status>
</kw>
<status status="PASS" starttime="20210323 16:46:47.795" endtime="20210323 16:46:51.425"></status>
</kw>
<kw name="SetPassword">
<arguments>
<arg>${passwordLink}</arg>
<arg>${newUserPass}</arg>
</arguments>
<kw name="Go To" library="SeleniumLibrary">
<doc>Navigates the current browser window to the provided ``url``.</doc>
<arguments>
<arg>${passwordLink}</arg>
</arguments>
<msg timestamp="20210323 16:46:51.425" level="INFO">Opening url 'https://172.17.2.242:9999/gui/setPass/token=eyJhbGciOiJIUzUxMiJ9.eyJzdWIiOiJjYWxzb2Z0cGxhdGluYUBnbWFpbC5jb20iLCJleHAiOjE2MTcxMDI5OTksImlhdCI6MTYxNjQ5ODE5OX0.DLEHqB45_iqfbMtmYC8uUE3YScjW-6Xs00a5JMmAsQySEdweETj2pqVNAmfwk7vmWAr_BQgU8Oz6L0goMblfkQ'</msg>
<status status="PASS" starttime="20210323 16:46:51.425" endtime="20210323 16:46:52.528"></status>
</kw>
<kw name="Input Text" library="SeleniumLibrary">
<doc>Types the given ``text`` into the text field identified by ``locator``.</doc>
<arguments>
<arg>xpath://input[@name="password"]</arg>
<arg>${newUserPass}</arg>
</arguments>
<msg timestamp="20210323 16:46:52.528" level="INFO">Typing text 'calsoft' into text field 'xpath://input[@name="password"]'.</msg>
<status status="PASS" starttime="20210323 16:46:52.528" endtime="20210323 16:46:52.628"></status>
</kw>
<kw name="Input Text" library="SeleniumLibrary">
<doc>Types the given ``text`` into the text field identified by ``locator``.</doc>
<arguments>
<arg>xpath://input[@name="confirmPassword"]</arg>
<arg>${newUserPass}</arg>
</arguments>
<msg timestamp="20210323 16:46:52.628" level="INFO">Typing text 'calsoft' into text field 'xpath://input[@name="confirmPassword"]'.</msg>
<status status="PASS" starttime="20210323 16:46:52.628" endtime="20210323 16:46:52.706"></status>
</kw>
<kw name="Click Element" library="SeleniumLibrary">
<doc>Click the element identified by ``locator``.</doc>
<arguments>
<arg>xpath://*[@class="btn-block btn btn-primary"]</arg>
</arguments>
<msg timestamp="20210323 16:46:52.706" level="INFO">Clicking element 'xpath://*[@class="btn-block btn btn-primary"]'.</msg>
<status status="PASS" starttime="20210323 16:46:52.706" endtime="20210323 16:46:52.960"></status>
</kw>
<status status="PASS" starttime="20210323 16:46:51.425" endtime="20210323 16:46:52.960"></status>
</kw>
<kw name="LoginWithNewUser">
<arguments>
<arg>${ReadOnlyUserMailId}</arg>
<arg>${newUserPass}</arg>
</arguments>
<kw name="Wait Until Page Contains" library="SeleniumLibrary">
<doc>Waits until ``text`` appears on the current page.</doc>
<arguments>
<arg>Login</arg>
</arguments>
<status status="PASS" starttime="20210323 16:46:52.960" endtime="20210323 16:46:53.963"></status>
</kw>
<kw name="Input Text" library="SeleniumLibrary">
<doc>Types the given ``text`` into the text field identified by ``locator``.</doc>
<arguments>
<arg>xpath://*[@class="login-form"]//input[@class="form-control "]</arg>
<arg>${mailId}</arg>
</arguments>
<msg timestamp="20210323 16:46:53.963" level="INFO">Typing text 'calsoftplatina@gmail.com' into text field 'xpath://*[@class="login-form"]//input[@class="form-control "]'.</msg>
<status status="PASS" starttime="20210323 16:46:53.963" endtime="20210323 16:46:54.063"></status>
</kw>
<kw name="Input Text" library="SeleniumLibrary">
<doc>Types the given ``text`` into the text field identified by ``locator``.</doc>
<arguments>
<arg>xpath://*[@class="login-form"]//input[@class="form-control"]</arg>
<arg>${newUserPass}</arg>
</arguments>
<msg timestamp="20210323 16:46:54.063" level="INFO">Typing text 'calsoft' into text field 'xpath://*[@class="login-form"]//input[@class="form-control"]'.</msg>
<status status="PASS" starttime="20210323 16:46:54.063" endtime="20210323 16:46:54.139"></status>
</kw>
<kw name="Click Element" library="SeleniumLibrary">
<doc>Click the element identified by ``locator``.</doc>
<arguments>
<arg>xpath://*[@class="btn-block btn btn-primary"]</arg>
</arguments>
<msg timestamp="20210323 16:46:54.139" level="INFO">Clicking element 'xpath://*[@class="btn-block btn btn-primary"]'.</msg>
<status status="PASS" starttime="20210323 16:46:54.139" endtime="20210323 16:46:54.386"></status>
</kw>
<status status="PASS" starttime="20210323 16:46:52.960" endtime="20210323 16:46:54.386"></status>
</kw>
<kw name="LogOutCurrentUser">
<kw name="Sleep" library="BuiltIn">
<doc>Pauses the test executed for the given time.</doc>
<arguments>
<arg>15s</arg>
</arguments>
<msg timestamp="20210323 16:47:09.396" level="INFO">Slept 15 seconds</msg>
<status status="PASS" starttime="20210323 16:46:54.386" endtime="20210323 16:47:09.396"></status>
</kw>
<kw name="Click Element" library="SeleniumLibrary">
<doc>Click the element identified by ``locator``.</doc>
<arguments>
<arg>xpath://*[@class="profile-icon"]</arg>
</arguments>
<msg timestamp="20210323 16:47:09.396" level="INFO">Clicking element 'xpath://*[@class="profile-icon"]'.</msg>
<status status="PASS" starttime="20210323 16:47:09.396" endtime="20210323 16:47:09.643"></status>
</kw>
<kw name="Wait Until Page Contains" library="SeleniumLibrary">
<doc>Waits until ``text`` appears on the current page.</doc>
<arguments>
<arg>Log out</arg>
</arguments>
<status status="PASS" starttime="20210323 16:47:09.643" endtime="20210323 16:47:09.650"></status>
</kw>
<kw name="Click Element" library="SeleniumLibrary">
<doc>Click the element identified by ``locator``.</doc>
<arguments>
<arg>xpath://*[@class="user-settings-menu__item"][2]</arg>
</arguments>
<msg timestamp="20210323 16:47:09.650" level="INFO">Clicking element 'xpath://*[@class="user-settings-menu__item"][2]'.</msg>
<status status="PASS" starttime="20210323 16:47:09.650" endtime="20210323 16:47:09.913"></status>
</kw>
<status status="PASS" starttime="20210323 16:46:54.386" endtime="20210323 16:47:09.913"></status>
</kw>
<kw name="LoginToAdmin">
<arguments>
<arg>${adminUserName}</arg>
<arg>${adminPass}</arg>
</arguments>
<kw name="Wait Until Page Contains" library="SeleniumLibrary">
<doc>Waits until ``text`` appears on the current page.</doc>
<arguments>
<arg>Login</arg>
</arguments>
<status status="PASS" starttime="20210323 16:47:09.913" endtime="20210323 16:47:09.913"></status>
</kw>
<kw name="Input Text" library="SeleniumLibrary">
<doc>Types the given ``text`` into the text field identified by ``locator``.</doc>
<arguments>
<arg>xpath://*[@class="login-form"]//input[@class="form-control "]</arg>
<arg>${adminUserName}</arg>
</arguments>
<msg timestamp="20210323 16:47:09.913" level="INFO">Typing text 'admin' into text field 'xpath://*[@class="login-form"]//input[@class="form-control "]'.</msg>
<status status="PASS" starttime="20210323 16:47:09.913" endtime="20210323 16:47:09.982"></status>
</kw>
<kw name="Input Text" library="SeleniumLibrary">
<doc>Types the given ``text`` into the text field identified by ``locator``.</doc>
<arguments>
<arg>xpath://*[@class="login-form"]//input[@class="form-control"]</arg>
<arg>${adminPass}</arg>
</arguments>
<msg timestamp="20210323 16:47:09.982" level="INFO">Typing text 'admin' into text field 'xpath://*[@class="login-form"]//input[@class="form-control"]'.</msg>
<status status="PASS" starttime="20210323 16:47:09.982" endtime="20210323 16:47:10.093"></status>
</kw>
<kw name="Click Element" library="SeleniumLibrary">
<doc>Click the element identified by ``locator``.</doc>
<arguments>
<arg>xpath://*[@class="btn-block btn btn-primary"]</arg>
</arguments>
<msg timestamp="20210323 16:47:10.093" level="INFO">Clicking element 'xpath://*[@class="btn-block btn btn-primary"]'.</msg>
<status status="PASS" starttime="20210323 16:47:10.093" endtime="20210323 16:47:10.360"></status>
</kw>
<status status="PASS" starttime="20210323 16:47:09.913" endtime="20210323 16:47:10.360"></status>
</kw>
<status status="PASS" starttime="20210323 16:46:25.378" endtime="20210323 16:47:10.360" critical="yes"></status>
</test>
<test id="s1-t4" name="Delete All Users">
<kw name="DeleteAllUser">
<kw name="Wait Until Element Is Visible" library="SeleniumLibrary">
<doc>Waits until the element ``locator`` is visible.</doc>
<arguments>
<arg>xpath://a[starts-with(@href, '/gui/users')]</arg>
</arguments>
<status status="PASS" starttime="20210323 16:47:10.360" endtime="20210323 16:47:11.762"></status>
</kw>
<kw name="Click Element" library="SeleniumLibrary">
<doc>Click the element identified by ``locator``.</doc>
<arguments>
<arg>xpath://a[starts-with(@href, '/gui/users')]</arg>
</arguments>
<msg timestamp="20210323 16:47:11.762" level="INFO">Clicking element 'xpath://a[starts-with(@href, '/gui/users')]'.</msg>
<status status="PASS" starttime="20210323 16:47:11.762" endtime="20210323 16:47:12.078"></status>
</kw>
<kw name="Wait Until Page Contains" library="SeleniumLibrary">
<doc>Waits until ``text`` appears on the current page.</doc>
<arguments>
<arg>ADMIN (ROOT)</arg>
</arguments>
<status status="PASS" starttime="20210323 16:47:12.078" endtime="20210323 16:47:15.266"></status>
</kw>
<kw name="Click Element" library="SeleniumLibrary">
<doc>Click the element identified by ``locator``.</doc>
<arguments>
<arg>xpath://*[@class="rt-column-header"]/*[@class="crud-data-table__select-column"]</arg>
</arguments>
<msg timestamp="20210323 16:47:15.266" level="INFO">Clicking element 'xpath://*[@class="rt-column-header"]/*[@class="crud-data-table__select-column"]'.</msg>
<status status="PASS" starttime="20210323 16:47:15.266" endtime="20210323 16:47:15.521"></status>
</kw>
<kw name="Click Element" library="SeleniumLibrary">
<doc>Click the element identified by ``locator``.</doc>
<arguments>
<arg>xpath://*[@class="crud-data-table__buttons"]/*[@class="pcc-icon pcc-icon--active undefined"]</arg>
</arguments>
<msg timestamp="20210323 16:47:15.521" level="INFO">Clicking element 'xpath://*[@class="crud-data-table__buttons"]/*[@class="pcc-icon pcc-icon--active undefined"]'.</msg>
<status status="PASS" starttime="20210323 16:47:15.521" endtime="20210323 16:47:15.768"></status>
</kw>
<kw name="Wait Until Element Is Visible" library="SeleniumLibrary">
<doc>Waits until the element ``locator`` is visible.</doc>
<arguments>
<arg>xpath://*[@class="btn btn-primary"]</arg>
</arguments>
<status status="PASS" starttime="20210323 16:47:15.768" endtime="20210323 16:47:15.805"></status>
</kw>
<kw name="Click Element" library="SeleniumLibrary">
<doc>Click the element identified by ``locator``.</doc>
<arguments>
<arg>xpath://*[@class="btn btn-primary"]</arg>
</arguments>
<msg timestamp="20210323 16:47:15.805" level="INFO">Clicking element 'xpath://*[@class="btn btn-primary"]'.</msg>
<status status="PASS" starttime="20210323 16:47:15.805" endtime="20210323 16:47:16.068"></status>
</kw>
<status status="PASS" starttime="20210323 16:47:10.360" endtime="20210323 16:47:16.068"></status>
</kw>
<status status="PASS" starttime="20210323 16:47:10.360" endtime="20210323 16:47:16.068" critical="yes"></status>
</test>
<test id="s1-t5" name="Delete All Tenants">
<kw name="DeleteAllTenants">
<kw name="Wait Until Element Is Visible" library="SeleniumLibrary">
<doc>Waits until the element ``locator`` is visible.</doc>
<arguments>
<arg>xpath://a[starts-with(@href, '/gui/tenants')]</arg>
</arguments>
<status status="PASS" starttime="20210323 16:47:16.068" endtime="20210323 16:47:16.091"></status>
</kw>
<kw name="Click Element" library="SeleniumLibrary">
<doc>Click the element identified by ``locator``.</doc>
<arguments>
<arg>xpath://a[starts-with(@href, '/gui/tenants')]</arg>
</arguments>
<msg timestamp="20210323 16:47:16.091" level="INFO">Clicking element 'xpath://a[starts-with(@href, '/gui/tenants')]'.</msg>
<status status="PASS" starttime="20210323 16:47:16.091" endtime="20210323 16:47:16.385"></status>
</kw>
<kw name="Wait Until Page Contains" library="SeleniumLibrary">
<doc>Waits until ``text`` appears on the current page.</doc>
<arguments>
<arg>the root tenant</arg>
</arguments>
<status status="PASS" starttime="20210323 16:47:16.385" endtime="20210323 16:47:16.392"></status>
</kw>
<kw name="Click Element" library="SeleniumLibrary">
<doc>Click the element identified by ``locator``.</doc>
<arguments>
<arg>xpath://*[@class="rt-column-header"]/*[@class="crud-data-table__select-column"]</arg>
</arguments>
<msg timestamp="20210323 16:47:16.392" level="INFO">Clicking element 'xpath://*[@class="rt-column-header"]/*[@class="crud-data-table__select-column"]'.</msg>
<status status="PASS" starttime="20210323 16:47:16.392" endtime="20210323 16:47:16.624"></status>
</kw>
<kw name="Click Element" library="SeleniumLibrary">
<doc>Click the element identified by ``locator``.</doc>
<arguments>
<arg>xpath://*[@class="crud-data-table__buttons"]/*[@class="pcc-icon pcc-icon--active undefined"]</arg>
</arguments>
<msg timestamp="20210323 16:47:16.624" level="INFO">Clicking element 'xpath://*[@class="crud-data-table__buttons"]/*[@class="pcc-icon pcc-icon--active undefined"]'.</msg>
<status status="PASS" starttime="20210323 16:47:16.624" endtime="20210323 16:47:16.871"></status>
</kw>
<kw name="Wait Until Element Is Visible" library="SeleniumLibrary">
<doc>Waits until the element ``locator`` is visible.</doc>
<arguments>
<arg>xpath://*[@class="btn btn-primary"]</arg>
</arguments>
<status status="PASS" starttime="20210323 16:47:16.871" endtime="20210323 16:47:16.893"></status>
</kw>
<kw name="Click Element" library="SeleniumLibrary">
<doc>Click the element identified by ``locator``.</doc>
<arguments>
<arg>xpath://*[@class="btn btn-primary"]</arg>
</arguments>
<msg timestamp="20210323 16:47:16.893" level="INFO">Clicking element 'xpath://*[@class="btn btn-primary"]'.</msg>
<status status="PASS" starttime="20210323 16:47:16.893" endtime="20210323 16:47:17.141"></status>
</kw>
<status status="PASS" starttime="20210323 16:47:16.068" endtime="20210323 16:47:17.141"></status>
</kw>
<status status="PASS" starttime="20210323 16:47:16.068" endtime="20210323 16:47:17.141" critical="yes"></status>
</test>
<kw name="Close Browser" library="SeleniumLibrary" type="teardown">
<doc>Closes the current browser.</doc>
<status status="PASS" starttime="20210323 16:47:17.141" endtime="20210323 16:47:20.917"></status>
</kw>
<status status="PASS" starttime="20210323 16:45:05.056" endtime="20210323 16:47:20.917"></status>
</suite>
<statistics>
<total>
<stat pass="5" fail="0">Critical Tests</stat>
<stat pass="5" fail="0">All Tests</stat>
</total>
<tag>
</tag>
<suite>
<stat pass="5" fail="0" id="s1" name="PccUser">PccUser</stat>
</suite>
</statistics>
<errors>
</errors>
</robot>
