<?xml version="1.0" encoding="UTF-8"?>
<robot generator="Robot 3.1.2 (Python 3.9.2 on win32)" generated="20210310 21:41:46.273" rpa="false">
<suite id="s1" name="addUser" source="C:\Users\anurag.jain\Desktop\PccDEmo\PCCTest\addUser.robot">
<test id="s1-t1" name="LoginTest">
<kw name="Open Browser" library="SeleniumLibrary">
<doc>Opens a new browser instance to the optional ``url``.</doc>
<arguments>
<arg>${url}</arg>
<arg>${browser}</arg>
</arguments>
<msg timestamp="20210310 21:41:46.690" level="INFO">Opening browser 'firefox' to base url 'https://172.17.2.242:9999/gui/login'.</msg>
<msg timestamp="20210310 21:41:46.708" level="INFO">Firefox driver log is always forced to to: C:\Users\anurag.jain\Desktop\PccDEmo\PCCTest\geckodriver-2.log</msg>
<status status="PASS" starttime="20210310 21:41:46.690" endtime="20210310 21:42:08.432"></status>
</kw>
<kw name="Maximize Browser Window" library="SeleniumLibrary">
<doc>Maximizes current browser window.</doc>
<status status="PASS" starttime="20210310 21:42:08.432" endtime="20210310 21:42:08.447"></status>
</kw>
<kw name="Get Window Titles" library="SeleniumLibrary">
<doc>Returns and logs titles of all windows of the selected browser.</doc>
<assign>
<var>${titleOfPage}</var>
</assign>
<msg timestamp="20210310 21:42:08.517" level="INFO">Altogether 1 item.
1: Platina Command Center</msg>
<msg timestamp="20210310 21:42:08.517" level="INFO">${titleOfPage} = ['Platina Command Center']</msg>
<status status="PASS" starttime="20210310 21:42:08.447" endtime="20210310 21:42:08.517"></status>
</kw>
<kw name="Run Keyword If" library="BuiltIn">
<doc>Runs the given keyword with the given arguments, if ``condition`` is true.</doc>
<arguments>
<arg>${titleOfPage} == ['Warning: Potential Security Risk Ahead']</arg>
<arg>privacy error page</arg>
</arguments>
<status status="PASS" starttime="20210310 21:42:08.517" endtime="20210310 21:42:08.517"></status>
</kw>
<kw name="Input Text" library="SeleniumLibrary">
<doc>Types the given ``text`` into the text field identified by ``locator``.</doc>
<arguments>
<arg>xpath://*[@class="login-form"]//input[@class="form-control "]</arg>
<arg>admin</arg>
</arguments>
<msg timestamp="20210310 21:42:08.517" level="INFO">Typing text 'admin' into text field 'xpath://*[@class="login-form"]//input[@class="form-control "]'.</msg>
<status status="PASS" starttime="20210310 21:42:08.517" endtime="20210310 21:42:08.609"></status>
</kw>
<kw name="Input Text" library="SeleniumLibrary">
<doc>Types the given ``text`` into the text field identified by ``locator``.</doc>
<arguments>
<arg>xpath://*[@class="login-form"]//input[@class="form-control"]</arg>
<arg>admin</arg>
</arguments>
<msg timestamp="20210310 21:42:08.610" level="INFO">Typing text 'admin' into text field 'xpath://*[@class="login-form"]//input[@class="form-control"]'.</msg>
<status status="PASS" starttime="20210310 21:42:08.609" endtime="20210310 21:42:08.649"></status>
</kw>
<kw name="Click Element" library="SeleniumLibrary">
<doc>Click the element identified by ``locator``.</doc>
<arguments>
<arg>xpath://*[@class="btn-block btn btn-primary"]</arg>
</arguments>
<msg timestamp="20210310 21:42:08.649" level="INFO">Clicking element 'xpath://*[@class="btn-block btn btn-primary"]'.</msg>
<status status="PASS" starttime="20210310 21:42:08.649" endtime="20210310 21:42:08.918"></status>
</kw>
<kw name="Sleep" library="BuiltIn">
<doc>Pauses the test executed for the given time.</doc>
<arguments>
<arg>4s</arg>
</arguments>
<msg timestamp="20210310 21:42:12.928" level="INFO">Slept 4 seconds</msg>
<status status="PASS" starttime="20210310 21:42:08.919" endtime="20210310 21:42:12.928"></status>
</kw>
<status status="PASS" starttime="20210310 21:41:46.690" endtime="20210310 21:42:12.929" critical="yes"></status>
</test>
<test id="s1-t2" name="AddUser">
<kw name="Wait Until Element Is Visible" library="SeleniumLibrary">
<doc>Waits until the element ``locator`` is visible.</doc>
<arguments>
<arg>xpath://a[starts-with(@href, '/gui/users')]</arg>
</arguments>
<status status="PASS" starttime="20210310 21:42:12.941" endtime="20210310 21:42:12.990"></status>
</kw>
<kw name="Click Element" library="SeleniumLibrary">
<doc>Click the element identified by ``locator``.</doc>
<arguments>
<arg>xpath://a[starts-with(@href, '/gui/users')]</arg>
</arguments>
<msg timestamp="20210310 21:42:12.991" level="INFO">Clicking element 'xpath://a[starts-with(@href, '/gui/users')]'.</msg>
<status status="PASS" starttime="20210310 21:42:12.991" endtime="20210310 21:42:13.472"></status>
</kw>
<kw name="Wait Until Element Is Visible" library="SeleniumLibrary">
<doc>Waits until the element ``locator`` is visible.</doc>
<arguments>
<arg>xpath://*[@class="pcc-icon pcc-add-icon undefined pcc-icon--active undefined"]</arg>
</arguments>
<status status="PASS" starttime="20210310 21:42:13.472" endtime="20210310 21:42:13.496"></status>
</kw>
<kw name="Click Element" library="SeleniumLibrary">
<doc>Click the element identified by ``locator``.</doc>
<arguments>
<arg>xpath://*[@class="pcc-icon pcc-add-icon undefined pcc-icon--active undefined"]</arg>
</arguments>
<msg timestamp="20210310 21:42:13.497" level="INFO">Clicking element 'xpath://*[@class="pcc-icon pcc-add-icon undefined pcc-icon--active undefined"]'.</msg>
<status status="PASS" starttime="20210310 21:42:13.497" endtime="20210310 21:42:13.949"></status>
</kw>
<kw name="Sleep" library="BuiltIn">
<doc>Pauses the test executed for the given time.</doc>
<arguments>
<arg>2s</arg>
</arguments>
<msg timestamp="20210310 21:42:15.950" level="INFO">Slept 2 seconds</msg>
<status status="PASS" starttime="20210310 21:42:13.949" endtime="20210310 21:42:15.951"></status>
</kw>
<kw name="Input Text" library="SeleniumLibrary">
<doc>Types the given ``text`` into the text field identified by ``locator``.</doc>
<arguments>
<arg>xpath://*[@class="modal-body"]//input[@name="firstname"]</arg>
<arg>Anurag</arg>
</arguments>
<msg timestamp="20210310 21:42:15.951" level="INFO">Typing text 'Anurag' into text field 'xpath://*[@class="modal-body"]//input[@name="firstname"]'.</msg>
<status status="PASS" starttime="20210310 21:42:15.951" endtime="20210310 21:42:16.026"></status>
</kw>
<kw name="Input Text" library="SeleniumLibrary">
<doc>Types the given ``text`` into the text field identified by ``locator``.</doc>
<arguments>
<arg>xpath://*[@class="modal-body"]//input[@name="lastname"]</arg>
<arg>Jain</arg>
</arguments>
<msg timestamp="20210310 21:42:16.026" level="INFO">Typing text 'Jain' into text field 'xpath://*[@class="modal-body"]//input[@name="lastname"]'.</msg>
<status status="PASS" starttime="20210310 21:42:16.026" endtime="20210310 21:42:16.077"></status>
</kw>
<kw name="Input Text" library="SeleniumLibrary">
<doc>Types the given ``text`` into the text field identified by ``locator``.</doc>
<arguments>
<arg>xpath://*[@class="modal-body"]//input[@name="username"]</arg>
<arg>anurag.jain@calsoftinc.com</arg>
</arguments>
<msg timestamp="20210310 21:42:16.078" level="INFO">Typing text 'anurag.jain@calsoftinc.com' into text field 'xpath://*[@class="modal-body"]//input[@name="username"]'.</msg>
<status status="PASS" starttime="20210310 21:42:16.078" endtime="20210310 21:42:16.232"></status>
</kw>
<kw name="Click Element" library="SeleniumLibrary">
<doc>Click the element identified by ``locator``.</doc>
<arguments>
<arg>xpath://*[@class="form-group"][4]/*[@class="css-10nd86i"]</arg>
</arguments>
<msg timestamp="20210310 21:42:16.232" level="INFO">Clicking element 'xpath://*[@class="form-group"][4]/*[@class="css-10nd86i"]'.</msg>
<status status="PASS" starttime="20210310 21:42:16.232" endtime="20210310 21:42:16.484"></status>
</kw>
<kw name="Sleep" library="BuiltIn">
<doc>Pauses the test executed for the given time.</doc>
<arguments>
<arg>2s</arg>
</arguments>
<msg timestamp="20210310 21:42:18.486" level="INFO">Slept 2 seconds</msg>
<status status="PASS" starttime="20210310 21:42:16.485" endtime="20210310 21:42:18.486"></status>
</kw>
<kw name="Press Keys" library="SeleniumLibrary">
<doc>Simulates the user pressing key(s) to an element or on the active browser.</doc>
<arguments>
<arg>None</arg>
<arg>ENTER</arg>
</arguments>
<msg timestamp="20210310 21:42:18.487" level="INFO">Sending key(s) ('ENTER',) to page.</msg>
<msg timestamp="20210310 21:42:18.487" level="INFO">Pressing special key ENTER to browser.</msg>
<msg timestamp="20210310 21:42:18.487" level="INFO">Releasing special key ENTER.</msg>
<status status="PASS" starttime="20210310 21:42:18.486" endtime="20210310 21:42:18.524"></status>
</kw>
<kw name="Click Element" library="SeleniumLibrary">
<doc>Click the element identified by ``locator``.</doc>
<arguments>
<arg>xpath://*[@class="form-group"][5]/*[@class="css-10nd86i"]</arg>
</arguments>
<msg timestamp="20210310 21:42:18.525" level="INFO">Clicking element 'xpath://*[@class="form-group"][5]/*[@class="css-10nd86i"]'.</msg>
<status status="PASS" starttime="20210310 21:42:18.524" endtime="20210310 21:42:18.771"></status>
</kw>
<kw name="Sleep" library="BuiltIn">
<doc>Pauses the test executed for the given time.</doc>
<arguments>
<arg>2s</arg>
</arguments>
<msg timestamp="20210310 21:42:20.781" level="INFO">Slept 2 seconds</msg>
<status status="PASS" starttime="20210310 21:42:18.771" endtime="20210310 21:42:20.782"></status>
</kw>
<kw name="Press Keys" library="SeleniumLibrary">
<doc>Simulates the user pressing key(s) to an element or on the active browser.</doc>
<arguments>
<arg>None</arg>
<arg>ENTER</arg>
</arguments>
<msg timestamp="20210310 21:42:20.784" level="INFO">Sending key(s) ('ENTER',) to page.</msg>
<msg timestamp="20210310 21:42:20.784" level="INFO">Pressing special key ENTER to browser.</msg>
<msg timestamp="20210310 21:42:20.784" level="INFO">Releasing special key ENTER.</msg>
<status status="PASS" starttime="20210310 21:42:20.783" endtime="20210310 21:42:20.839"></status>
</kw>
<kw name="Wait Until Element Is Visible" library="SeleniumLibrary">
<doc>Waits until the element ``locator`` is visible.</doc>
<arguments>
<arg>xpath://*[@class="create-button btn btn-primary"]</arg>
</arguments>
<status status="PASS" starttime="20210310 21:42:20.839" endtime="20210310 21:42:20.873"></status>
</kw>
<kw name="Click Element" library="SeleniumLibrary">
<doc>Click the element identified by ``locator``.</doc>
<arguments>
<arg>xpath://*[@class="create-button btn btn-primary"]</arg>
</arguments>
<msg timestamp="20210310 21:42:20.873" level="INFO">Clicking element 'xpath://*[@class="create-button btn btn-primary"]'.</msg>
<status status="PASS" starttime="20210310 21:42:20.873" endtime="20210310 21:42:21.221"></status>
</kw>
<kw name="Sleep" library="BuiltIn">
<doc>Pauses the test executed for the given time.</doc>
<arguments>
<arg>1s</arg>
</arguments>
<msg timestamp="20210310 21:42:22.223" level="INFO">Slept 1 second</msg>
<status status="PASS" starttime="20210310 21:42:21.221" endtime="20210310 21:42:22.223"></status>
</kw>
<status status="PASS" starttime="20210310 21:42:12.939" endtime="20210310 21:42:22.223" critical="yes"></status>
</test>
<test id="s1-t3" name="OpenMail">
<kw name="Open Mailbox" library="ImapLibrary2">
<doc>Open IMAP email client session to given ``host`` with given ``user`` and ``password``.</doc>
<arguments>
<arg>server=imap-mail.outlook.com</arg>
<arg>user=anurag.jain@calsoftinc.com</arg>
<arg>password=@19N*rEq</arg>
</arguments>
<status status="PASS" starttime="20210310 21:42:22.225" endtime="20210310 21:42:22.720"></status>
</kw>
<kw name="Wait For Email" library="ImapLibrary2">
<doc>Wait for email message to arrived base on any given filter criteria.
Returns email index of the latest email message received.</doc>
<arguments>
<arg>fromEmail=pcc_notifications@platinasystems.com</arg>
</arguments>
<assign>
<var>${getLatestMail}</var>
</assign>
<msg timestamp="20210310 21:42:22.797" level="INFO">${getLatestMail} = 1008</msg>
<status status="PASS" starttime="20210310 21:42:22.720" endtime="20210310 21:42:22.797"></status>
</kw>
<kw name="Get Links From Email" library="ImapLibrary2">
<doc>Returns all links found in the email body from given ``email_index``.</doc>
<arguments>
<arg>${getLatestMail}</arg>
</arguments>
<assign>
<var>${getLink}</var>
</assign>
<msg timestamp="20210310 21:42:22.968" level="INFO">${getLink} = ['https://www.platinasystems.com/', 'https://172.17.2.242:9999/gui/setPass/token=eyJhbGciOiJIUzUxMiJ9.eyJzdWIiOiJhbnVyYWcuamFpbkBjYWxzb2Z0aW5jLmNvbSIsImV4cCI6MTYxNTk5NzM4MSwiaWF0IjoxNjE1MzkyNTgxfQ.B_L...</msg>
<status status="PASS" starttime="20210310 21:42:22.798" endtime="20210310 21:42:22.969"></status>
</kw>
<kw name="Set Global Variable" library="BuiltIn">
<doc>Makes a variable available globally in all tests and suites.</doc>
<arguments>
<arg>${passwordLink}</arg>
<arg>${getLink}[2]</arg>
</arguments>
<msg timestamp="20210310 21:42:22.972" level="INFO">${passwordLink} = https://172.17.2.242:9999/gui/setPass/token=eyJhbGciOiJIUzUxMiJ9.eyJzdWIiOiJhbnVyYWcuamFpbkBjYWxzb2Z0aW5jLmNvbSIsImV4cCI6MTYxNTk5NzM4MSwiaWF0IjoxNjE1MzkyNTgxfQ.B_Lc1bv-iXIu8IUAXeMSMdGZGjIYPOvM1507VGmw...</msg>
<status status="PASS" starttime="20210310 21:42:22.970" endtime="20210310 21:42:22.972"></status>
</kw>
<kw name="Close Mailbox" library="ImapLibrary2">
<doc>Close IMAP email client session.</doc>
<status status="PASS" starttime="20210310 21:42:22.973" endtime="20210310 21:42:23.003"></status>
</kw>
<kw name="Sleep" library="BuiltIn">
<doc>Pauses the test executed for the given time.</doc>
<arguments>
<arg>5s</arg>
</arguments>
<msg timestamp="20210310 21:42:28.005" level="INFO">Slept 5 seconds</msg>
<status status="PASS" starttime="20210310 21:42:23.003" endtime="20210310 21:42:28.006"></status>
</kw>
<status status="PASS" starttime="20210310 21:42:22.224" endtime="20210310 21:42:28.007" critical="yes"></status>
</test>
<test id="s1-t4" name="SetPassword">
<kw name="Sleep" library="BuiltIn">
<doc>Pauses the test executed for the given time.</doc>
<arguments>
<arg>5s</arg>
</arguments>
<msg timestamp="20210310 21:42:33.014" level="INFO">Slept 5 seconds</msg>
<status status="PASS" starttime="20210310 21:42:28.013" endtime="20210310 21:42:33.015"></status>
</kw>
<kw name="Go To" library="SeleniumLibrary">
<doc>Navigates the current browser window to the provided ``url``.</doc>
<arguments>
<arg>${passwordLink}</arg>
</arguments>
<msg timestamp="20210310 21:42:33.019" level="INFO">Opening url 'https://172.17.2.242:9999/gui/setPass/token=eyJhbGciOiJIUzUxMiJ9.eyJzdWIiOiJhbnVyYWcuamFpbkBjYWxzb2Z0aW5jLmNvbSIsImV4cCI6MTYxNTk5NzM4MSwiaWF0IjoxNjE1MzkyNTgxfQ.B_Lc1bv-iXIu8IUAXeMSMdGZGjIYPOvM1507VGmw4LMgp3EmA2UuWWlWw5UYFDuQ__--arxd85d7_i13FSUGcg'</msg>
<status status="PASS" starttime="20210310 21:42:33.017" endtime="20210310 21:42:34.024"></status>
</kw>
<kw name="Wait Until Element Is Visible" library="SeleniumLibrary">
<doc>Waits until the element ``locator`` is visible.</doc>
<arguments>
<arg>xpath://input[@name="confirmPassword"]</arg>
</arguments>
<status status="PASS" starttime="20210310 21:42:34.024" endtime="20210310 21:42:34.063"></status>
</kw>
<kw name="Sleep" library="BuiltIn">
<doc>Pauses the test executed for the given time.</doc>
<arguments>
<arg>5s</arg>
</arguments>
<msg timestamp="20210310 21:42:39.064" level="INFO">Slept 5 seconds</msg>
<status status="PASS" starttime="20210310 21:42:34.063" endtime="20210310 21:42:39.064"></status>
</kw>
<kw name="Input Text" library="SeleniumLibrary">
<doc>Types the given ``text`` into the text field identified by ``locator``.</doc>
<arguments>
<arg>xpath://input[@name="password"]</arg>
<arg>admin</arg>
</arguments>
<msg timestamp="20210310 21:42:39.067" level="INFO">Typing text 'admin' into text field 'xpath://input[@name="password"]'.</msg>
<status status="PASS" starttime="20210310 21:42:39.067" endtime="20210310 21:42:39.135"></status>
</kw>
<kw name="Input Text" library="SeleniumLibrary">
<doc>Types the given ``text`` into the text field identified by ``locator``.</doc>
<arguments>
<arg>xpath://input[@name="confirmPassword"]</arg>
<arg>admin</arg>
</arguments>
<msg timestamp="20210310 21:42:39.136" level="INFO">Typing text 'admin' into text field 'xpath://input[@name="confirmPassword"]'.</msg>
<status status="PASS" starttime="20210310 21:42:39.135" endtime="20210310 21:42:39.190"></status>
</kw>
<kw name="Sleep" library="BuiltIn">
<doc>Pauses the test executed for the given time.</doc>
<arguments>
<arg>4s</arg>
</arguments>
<msg timestamp="20210310 21:42:43.191" level="INFO">Slept 4 seconds</msg>
<status status="PASS" starttime="20210310 21:42:39.190" endtime="20210310 21:42:43.191"></status>
</kw>
<kw name="Click Element" library="SeleniumLibrary">
<doc>Click the element identified by ``locator``.</doc>
<arguments>
<arg>xpath://*[@class="btn-block btn btn-primary"]</arg>
</arguments>
<msg timestamp="20210310 21:42:43.192" level="INFO">Clicking element 'xpath://*[@class="btn-block btn btn-primary"]'.</msg>
<status status="PASS" starttime="20210310 21:42:43.192" endtime="20210310 21:42:43.450"></status>
</kw>
<kw name="Sleep" library="BuiltIn">
<doc>Pauses the test executed for the given time.</doc>
<arguments>
<arg>6s</arg>
</arguments>
<msg timestamp="20210310 21:42:49.465" level="INFO">Slept 6 seconds</msg>
<status status="PASS" starttime="20210310 21:42:43.451" endtime="20210310 21:42:49.465"></status>
</kw>
<kw name="Wait Until Element Is Visible" library="SeleniumLibrary">
<doc>Waits until the element ``locator`` is visible.</doc>
<arguments>
<arg>xpath://*[@class="login-form"]//input[@class="form-control"]</arg>
</arguments>
<status status="PASS" starttime="20210310 21:42:49.465" endtime="20210310 21:42:49.483"></status>
</kw>
<kw name="Sleep" library="BuiltIn">
<doc>Pauses the test executed for the given time.</doc>
<arguments>
<arg>5s</arg>
</arguments>
<msg timestamp="20210310 21:42:54.500" level="INFO">Slept 5 seconds</msg>
<status status="PASS" starttime="20210310 21:42:49.499" endtime="20210310 21:42:54.500"></status>
</kw>
<kw name="Input Text" library="SeleniumLibrary">
<doc>Types the given ``text`` into the text field identified by ``locator``.</doc>
<arguments>
<arg>xpath://*[@class="login-form"]//input[@class="form-control "]</arg>
<arg>anurag.jain@calsoftinc.com</arg>
</arguments>
<msg timestamp="20210310 21:42:54.501" level="INFO">Typing text 'anurag.jain@calsoftinc.com' into text field 'xpath://*[@class="login-form"]//input[@class="form-control "]'.</msg>
<status status="PASS" starttime="20210310 21:42:54.500" endtime="20210310 21:42:55.998"></status>
</kw>
<kw name="Input Text" library="SeleniumLibrary">
<doc>Types the given ``text`` into the text field identified by ``locator``.</doc>
<arguments>
<arg>xpath://*[@class="login-form"]//input[@class="form-control"]</arg>
<arg>admin</arg>
</arguments>
<msg timestamp="20210310 21:42:55.999" level="INFO">Typing text 'admin' into text field 'xpath://*[@class="login-form"]//input[@class="form-control"]'.</msg>
<status status="PASS" starttime="20210310 21:42:55.998" endtime="20210310 21:42:56.145"></status>
</kw>
<kw name="Click Element" library="SeleniumLibrary">
<doc>Click the element identified by ``locator``.</doc>
<arguments>
<arg>xpath://*[@class="btn-block btn btn-primary"]</arg>
</arguments>
<msg timestamp="20210310 21:42:56.145" level="INFO">Clicking element 'xpath://*[@class="btn-block btn btn-primary"]'.</msg>
<status status="PASS" starttime="20210310 21:42:56.145" endtime="20210310 21:42:56.411"></status>
</kw>
<kw name="Sleep" library="BuiltIn">
<doc>Pauses the test executed for the given time.</doc>
<arguments>
<arg>4s</arg>
</arguments>
<msg timestamp="20210310 21:43:00.412" level="INFO">Slept 4 seconds</msg>
<status status="PASS" starttime="20210310 21:42:56.411" endtime="20210310 21:43:00.412"></status>
</kw>
<status status="PASS" starttime="20210310 21:42:28.009" endtime="20210310 21:43:00.413" critical="yes"></status>
</test>
<test id="s1-t5" name="LogOutCurrentUser">
<kw name="Click Element" library="SeleniumLibrary">
<doc>Click the element identified by ``locator``.</doc>
<arguments>
<arg>xpath://*[@class="profile-icon"]</arg>
</arguments>
<msg timestamp="20210310 21:43:00.417" level="INFO">Clicking element 'xpath://*[@class="profile-icon"]'.</msg>
<status status="PASS" starttime="20210310 21:43:00.417" endtime="20210310 21:43:00.679"></status>
</kw>
<kw name="Wait Until Element Is Visible" library="SeleniumLibrary">
<doc>Waits until the element ``locator`` is visible.</doc>
<arguments>
<arg>xpath://*[@class="user-settings-menu__item"][2]</arg>
</arguments>
<status status="PASS" starttime="20210310 21:43:00.679" endtime="20210310 21:43:00.707"></status>
</kw>
<kw name="Click Element" library="SeleniumLibrary">
<doc>Click the element identified by ``locator``.</doc>
<arguments>
<arg>xpath://*[@class="user-settings-menu__item"][2]</arg>
</arguments>
<msg timestamp="20210310 21:43:00.708" level="INFO">Clicking element 'xpath://*[@class="user-settings-menu__item"][2]'.</msg>
<status status="PASS" starttime="20210310 21:43:00.707" endtime="20210310 21:43:00.968"></status>
</kw>
<kw name="Sleep" library="BuiltIn">
<doc>Pauses the test executed for the given time.</doc>
<arguments>
<arg>4s</arg>
</arguments>
<msg timestamp="20210310 21:43:04.972" level="INFO">Slept 4 seconds</msg>
<status status="PASS" starttime="20210310 21:43:00.970" endtime="20210310 21:43:04.972"></status>
</kw>
<status status="PASS" starttime="20210310 21:43:00.415" endtime="20210310 21:43:04.972" critical="yes"></status>
</test>
<test id="s1-t6" name="LoginToAdmin">
<kw name="Input Text" library="SeleniumLibrary">
<doc>Types the given ``text`` into the text field identified by ``locator``.</doc>
<arguments>
<arg>xpath://*[@class="login-form"]//input[@class="form-control "]</arg>
<arg>admin</arg>
</arguments>
<msg timestamp="20210310 21:43:04.974" level="INFO">Typing text 'admin' into text field 'xpath://*[@class="login-form"]//input[@class="form-control "]'.</msg>
<status status="PASS" starttime="20210310 21:43:04.973" endtime="20210310 21:43:05.002"></status>
</kw>
<kw name="Input Text" library="SeleniumLibrary">
<doc>Types the given ``text`` into the text field identified by ``locator``.</doc>
<arguments>
<arg>xpath://*[@class="login-form"]//input[@class="form-control"]</arg>
<arg>admin</arg>
</arguments>
<msg timestamp="20210310 21:43:05.003" level="INFO">Typing text 'admin' into text field 'xpath://*[@class="login-form"]//input[@class="form-control"]'.</msg>
<status status="PASS" starttime="20210310 21:43:05.003" endtime="20210310 21:43:05.041"></status>
</kw>
<kw name="Click Element" library="SeleniumLibrary">
<doc>Click the element identified by ``locator``.</doc>
<arguments>
<arg>xpath://*[@class="btn-block btn btn-primary"]</arg>
</arguments>
<msg timestamp="20210310 21:43:05.041" level="INFO">Clicking element 'xpath://*[@class="btn-block btn btn-primary"]'.</msg>
<status status="PASS" starttime="20210310 21:43:05.041" endtime="20210310 21:43:05.272"></status>
</kw>
<kw name="Sleep" library="BuiltIn">
<doc>Pauses the test executed for the given time.</doc>
<arguments>
<arg>4s</arg>
</arguments>
<msg timestamp="20210310 21:43:09.273" level="INFO">Slept 4 seconds</msg>
<status status="PASS" starttime="20210310 21:43:05.272" endtime="20210310 21:43:09.273"></status>
</kw>
<status status="PASS" starttime="20210310 21:43:04.973" endtime="20210310 21:43:09.273" critical="yes"></status>
</test>
<test id="s1-t7" name="DeleteUser">
<kw name="Wait Until Element Is Visible" library="SeleniumLibrary">
<doc>Waits until the element ``locator`` is visible.</doc>
<arguments>
<arg>xpath://a[starts-with(@href, '/gui/users')]</arg>
</arguments>
<status status="PASS" starttime="20210310 21:43:09.275" endtime="20210310 21:43:09.309"></status>
</kw>
<kw name="Click Element" library="SeleniumLibrary">
<doc>Click the element identified by ``locator``.</doc>
<arguments>
<arg>xpath://a[starts-with(@href, '/gui/users')]</arg>
</arguments>
<msg timestamp="20210310 21:43:09.310" level="INFO">Clicking element 'xpath://a[starts-with(@href, '/gui/users')]'.</msg>
<status status="PASS" starttime="20210310 21:43:09.309" endtime="20210310 21:43:09.649"></status>
</kw>
<kw name="Wait Until Element Is Visible" library="SeleniumLibrary">
<doc>Waits until the element ``locator`` is visible.</doc>
<arguments>
<arg>xpath://*[@class="pcc-icon pcc-icon--disabled undefined"]</arg>
</arguments>
<status status="PASS" starttime="20210310 21:43:09.649" endtime="20210310 21:43:09.676"></status>
</kw>
<kw name="Sleep" library="BuiltIn">
<doc>Pauses the test executed for the given time.</doc>
<arguments>
<arg>5s</arg>
</arguments>
<msg timestamp="20210310 21:43:14.680" level="INFO">Slept 5 seconds</msg>
<status status="PASS" starttime="20210310 21:43:09.676" endtime="20210310 21:43:14.681"></status>
</kw>
<kw name="Click Element" library="SeleniumLibrary">
<doc>Click the element identified by ``locator``.</doc>
<arguments>
<arg>xpath://*[@class="rt-column-header"]/*[@class="crud-data-table__select-column"]</arg>
</arguments>
<msg timestamp="20210310 21:43:14.683" level="INFO">Clicking element 'xpath://*[@class="rt-column-header"]/*[@class="crud-data-table__select-column"]'.</msg>
<status status="PASS" starttime="20210310 21:43:14.682" endtime="20210310 21:43:14.944"></status>
</kw>
<kw name="Click Element" library="SeleniumLibrary">
<doc>Click the element identified by ``locator``.</doc>
<arguments>
<arg>xpath://*[@class="crud-data-table__buttons"]/*[@class="pcc-icon pcc-icon--active undefined"]</arg>
</arguments>
<msg timestamp="20210310 21:43:14.945" level="INFO">Clicking element 'xpath://*[@class="crud-data-table__buttons"]/*[@class="pcc-icon pcc-icon--active undefined"]'.</msg>
<status status="PASS" starttime="20210310 21:43:14.945" endtime="20210310 21:43:15.218"></status>
</kw>
<kw name="Wait Until Element Is Visible" library="SeleniumLibrary">
<doc>Waits until the element ``locator`` is visible.</doc>
<arguments>
<arg>xpath://*[@class="btn btn-primary"]</arg>
</arguments>
<status status="PASS" starttime="20210310 21:43:15.218" endtime="20210310 21:43:15.243"></status>
</kw>
<kw name="Click Element" library="SeleniumLibrary">
<doc>Click the element identified by ``locator``.</doc>
<arguments>
<arg>xpath://*[@class="btn btn-primary"]</arg>
</arguments>
<msg timestamp="20210310 21:43:15.243" level="INFO">Clicking element 'xpath://*[@class="btn btn-primary"]'.</msg>
<status status="PASS" starttime="20210310 21:43:15.243" endtime="20210310 21:43:15.522"></status>
</kw>
<kw name="Sleep" library="BuiltIn">
<doc>Pauses the test executed for the given time.</doc>
<arguments>
<arg>3s</arg>
</arguments>
<msg timestamp="20210310 21:43:18.524" level="INFO">Slept 3 seconds</msg>
<status status="PASS" starttime="20210310 21:43:15.522" endtime="20210310 21:43:18.524"></status>
</kw>
<kw name="Close Browser" library="SeleniumLibrary">
<doc>Closes the current browser.</doc>
<status status="PASS" starttime="20210310 21:43:18.524" endtime="20210310 21:43:22.311"></status>
</kw>
<status status="PASS" starttime="20210310 21:43:09.274" endtime="20210310 21:43:22.311" critical="yes"></status>
</test>
<status status="PASS" starttime="20210310 21:41:46.273" endtime="20210310 21:43:22.314"></status>
</suite>
<statistics>
<total>
<stat pass="7" fail="0">Critical Tests</stat>
<stat pass="7" fail="0">All Tests</stat>
</total>
<tag>
</tag>
<suite>
<stat pass="7" fail="0" id="s1" name="addUser">addUser</stat>
</suite>
</statistics>
<errors>
</errors>
</robot>
