<?xml version="1.0" encoding="UTF-8"?>
<robot generator="Robot 3.1.2 (Python 3.9.2 on win32)" generated="20210315 14:34:54.462" rpa="false">
<suite id="s1" name="addUserHeadless" source="C:\Users\anurag.jain\Desktop\PccDEmo\PCCTest\addUserHeadless.robot">
<kw name="open firefox" type="setup">
<kw name="Open Browser" library="SeleniumLibrary">
<doc>Opens a new browser instance to the optional ``url``.</doc>
<arguments>
<arg>${url}</arg>
<arg>${browser}</arg>
</arguments>
<msg timestamp="20210315 14:34:54.847" level="INFO">Opening browser 'headlessfirefox' to base url 'https://172.17.2.242:9999/gui/login'.</msg>
<msg timestamp="20210315 14:34:54.847" level="INFO">Firefox driver log is always forced to to: C:\Users\anurag.jain\Desktop\PccDEmo\geckodriver-25.log</msg>
<status status="PASS" starttime="20210315 14:34:54.847" endtime="20210315 14:35:17.546"></status>
</kw>
<kw name="Maximize Browser Window" library="SeleniumLibrary">
<doc>Maximizes current browser window.</doc>
<status status="PASS" starttime="20210315 14:35:17.546" endtime="20210315 14:35:17.546"></status>
</kw>
<status status="PASS" starttime="20210315 14:34:54.847" endtime="20210315 14:35:17.546"></status>
</kw>
<test id="s1-t1" name="LoginTest">
<kw name="Get Window Titles" library="SeleniumLibrary">
<doc>Returns and logs titles of all windows of the selected browser.</doc>
<assign>
<var>${titleOfPage}</var>
</assign>
<msg timestamp="20210315 14:35:17.592" level="INFO">Altogether 1 item.
1: Platina Command Center</msg>
<msg timestamp="20210315 14:35:17.592" level="INFO">${titleOfPage} = ['Platina Command Center']</msg>
<status status="PASS" starttime="20210315 14:35:17.546" endtime="20210315 14:35:17.592"></status>
</kw>
<kw name="Run Keyword If" library="BuiltIn">
<doc>Runs the given keyword with the given arguments, if ``condition`` is true.</doc>
<arguments>
<arg>${titleOfPage} == ['Warning: Potential Security Risk Ahead']</arg>
<arg>privacy error page</arg>
</arguments>
<status status="PASS" starttime="20210315 14:35:17.592" endtime="20210315 14:35:17.592"></status>
</kw>
<kw name="Input Text" library="SeleniumLibrary">
<doc>Types the given ``text`` into the text field identified by ``locator``.</doc>
<arguments>
<arg>xpath://*[@class="login-form"]//input[@class="form-control "]</arg>
<arg>${adminUserName}</arg>
</arguments>
<msg timestamp="20210315 14:35:17.592" level="INFO">Typing text 'admin' into text field 'xpath://*[@class="login-form"]//input[@class="form-control "]'.</msg>
<status status="PASS" starttime="20210315 14:35:17.592" endtime="20210315 14:35:17.646"></status>
</kw>
<kw name="Input Text" library="SeleniumLibrary">
<doc>Types the given ``text`` into the text field identified by ``locator``.</doc>
<arguments>
<arg>xpath://*[@class="login-form"]//input[@class="form-control"]</arg>
<arg>${adminPass}</arg>
</arguments>
<msg timestamp="20210315 14:35:17.646" level="INFO">Typing text 'admin' into text field 'xpath://*[@class="login-form"]//input[@class="form-control"]'.</msg>
<status status="PASS" starttime="20210315 14:35:17.646" endtime="20210315 14:35:17.693"></status>
</kw>
<kw name="Click Element" library="SeleniumLibrary">
<doc>Click the element identified by ``locator``.</doc>
<arguments>
<arg>xpath://*[@class="btn-block btn btn-primary"]</arg>
</arguments>
<msg timestamp="20210315 14:35:17.693" level="INFO">Clicking element 'xpath://*[@class="btn-block btn btn-primary"]'.</msg>
<status status="PASS" starttime="20210315 14:35:17.693" endtime="20210315 14:35:17.962"></status>
</kw>
<kw name="Sleep" library="BuiltIn">
<doc>Pauses the test executed for the given time.</doc>
<arguments>
<arg>4s</arg>
</arguments>
<msg timestamp="20210315 14:35:21.963" level="INFO">Slept 4 seconds</msg>
<status status="PASS" starttime="20210315 14:35:17.962" endtime="20210315 14:35:21.963"></status>
</kw>
<status status="PASS" starttime="20210315 14:35:17.546" endtime="20210315 14:35:21.963" critical="yes"></status>
</test>
<test id="s1-t2" name="AddUser">
<kw name="Wait Until Element Is Visible" library="SeleniumLibrary">
<doc>Waits until the element ``locator`` is visible.</doc>
<arguments>
<arg>xpath://a[starts-with(@href, '/gui/users')]</arg>
</arguments>
<status status="PASS" starttime="20210315 14:35:21.966" endtime="20210315 14:35:22.005"></status>
</kw>
<kw name="Click Element" library="SeleniumLibrary">
<doc>Click the element identified by ``locator``.</doc>
<arguments>
<arg>xpath://a[starts-with(@href, '/gui/users')]</arg>
</arguments>
<msg timestamp="20210315 14:35:22.007" level="INFO">Clicking element 'xpath://a[starts-with(@href, '/gui/users')]'.</msg>
<status status="PASS" starttime="20210315 14:35:22.007" endtime="20210315 14:35:22.337"></status>
</kw>
<kw name="Wait Until Element Is Visible" library="SeleniumLibrary">
<doc>Waits until the element ``locator`` is visible.</doc>
<arguments>
<arg>xpath://*[@class="pcc-icon pcc-add-icon undefined pcc-icon--active undefined"]</arg>
</arguments>
<status status="PASS" starttime="20210315 14:35:22.337" endtime="20210315 14:35:22.371"></status>
</kw>
<kw name="Click Element" library="SeleniumLibrary">
<doc>Click the element identified by ``locator``.</doc>
<arguments>
<arg>xpath://*[@class="pcc-icon pcc-add-icon undefined pcc-icon--active undefined"]</arg>
</arguments>
<msg timestamp="20210315 14:35:22.373" level="INFO">Clicking element 'xpath://*[@class="pcc-icon pcc-add-icon undefined pcc-icon--active undefined"]'.</msg>
<status status="PASS" starttime="20210315 14:35:22.372" endtime="20210315 14:35:22.682"></status>
</kw>
<kw name="Input Text" library="SeleniumLibrary">
<doc>Types the given ``text`` into the text field identified by ``locator``.</doc>
<arguments>
<arg>xpath://*[@class="modal-body"]//input[@name="firstname"]</arg>
<arg>Anurag</arg>
</arguments>
<msg timestamp="20210315 14:35:22.683" level="INFO">Typing text 'Anurag' into text field 'xpath://*[@class="modal-body"]//input[@name="firstname"]'.</msg>
<status status="PASS" starttime="20210315 14:35:22.683" endtime="20210315 14:35:22.768"></status>
</kw>
<kw name="Input Text" library="SeleniumLibrary">
<doc>Types the given ``text`` into the text field identified by ``locator``.</doc>
<arguments>
<arg>xpath://*[@class="modal-body"]//input[@name="lastname"]</arg>
<arg>Jain</arg>
</arguments>
<msg timestamp="20210315 14:35:22.769" level="INFO">Typing text 'Jain' into text field 'xpath://*[@class="modal-body"]//input[@name="lastname"]'.</msg>
<status status="PASS" starttime="20210315 14:35:22.769" endtime="20210315 14:35:22.829"></status>
</kw>
<kw name="Input Text" library="SeleniumLibrary">
<doc>Types the given ``text`` into the text field identified by ``locator``.</doc>
<arguments>
<arg>xpath://*[@class="modal-body"]//input[@name="username"]</arg>
<arg>${mailId}</arg>
</arguments>
<msg timestamp="20210315 14:35:22.830" level="INFO">Typing text 'anurag.jain@calsoftinc.com' into text field 'xpath://*[@class="modal-body"]//input[@name="username"]'.</msg>
<status status="PASS" starttime="20210315 14:35:22.830" endtime="20210315 14:35:23.004"></status>
</kw>
<kw name="Click Element" library="SeleniumLibrary">
<doc>Click the element identified by ``locator``.</doc>
<arguments>
<arg>xpath://*[@class="form-group"][4]/*[@class="css-10nd86i"]</arg>
</arguments>
<msg timestamp="20210315 14:35:23.005" level="INFO">Clicking element 'xpath://*[@class="form-group"][4]/*[@class="css-10nd86i"]'.</msg>
<status status="PASS" starttime="20210315 14:35:23.005" endtime="20210315 14:35:23.297"></status>
</kw>
<kw name="Sleep" library="BuiltIn">
<doc>Pauses the test executed for the given time.</doc>
<arguments>
<arg>2s</arg>
</arguments>
<msg timestamp="20210315 14:35:25.299" level="INFO">Slept 2 seconds</msg>
<status status="PASS" starttime="20210315 14:35:23.298" endtime="20210315 14:35:25.299"></status>
</kw>
<kw name="Press Keys" library="SeleniumLibrary">
<doc>Simulates the user pressing key(s) to an element or on the active browser.</doc>
<arguments>
<arg>None</arg>
<arg>ENTER</arg>
</arguments>
<msg timestamp="20210315 14:35:25.300" level="INFO">Sending key(s) ('ENTER',) to page.</msg>
<msg timestamp="20210315 14:35:25.300" level="INFO">Pressing special key ENTER to browser.</msg>
<msg timestamp="20210315 14:35:25.300" level="INFO">Releasing special key ENTER.</msg>
<status status="PASS" starttime="20210315 14:35:25.300" endtime="20210315 14:35:25.329"></status>
</kw>
<kw name="Sleep" library="BuiltIn">
<doc>Pauses the test executed for the given time.</doc>
<arguments>
<arg>2s</arg>
</arguments>
<msg timestamp="20210315 14:35:27.347" level="INFO">Slept 2 seconds</msg>
<status status="PASS" starttime="20210315 14:35:25.330" endtime="20210315 14:35:27.347"></status>
</kw>
<kw name="Click Element" library="SeleniumLibrary">
<doc>Click the element identified by ``locator``.</doc>
<arguments>
<arg>xpath://*[@class="form-group"][5]/*[@class="css-10nd86i"]</arg>
</arguments>
<msg timestamp="20210315 14:35:27.347" level="INFO">Clicking element 'xpath://*[@class="form-group"][5]/*[@class="css-10nd86i"]'.</msg>
<status status="PASS" starttime="20210315 14:35:27.347" endtime="20210315 14:35:27.610"></status>
</kw>
<kw name="Sleep" library="BuiltIn">
<doc>Pauses the test executed for the given time.</doc>
<arguments>
<arg>2s</arg>
</arguments>
<msg timestamp="20210315 14:35:29.616" level="INFO">Slept 2 seconds</msg>
<status status="PASS" starttime="20210315 14:35:27.610" endtime="20210315 14:35:29.616"></status>
</kw>
<kw name="Press Keys" library="SeleniumLibrary">
<doc>Simulates the user pressing key(s) to an element or on the active browser.</doc>
<arguments>
<arg>None</arg>
<arg>ENTER</arg>
</arguments>
<msg timestamp="20210315 14:35:29.616" level="INFO">Sending key(s) ('ENTER',) to page.</msg>
<msg timestamp="20210315 14:35:29.616" level="INFO">Pressing special key ENTER to browser.</msg>
<msg timestamp="20210315 14:35:29.616" level="INFO">Releasing special key ENTER.</msg>
<status status="PASS" starttime="20210315 14:35:29.616" endtime="20210315 14:35:29.654"></status>
</kw>
<kw name="Sleep" library="BuiltIn">
<doc>Pauses the test executed for the given time.</doc>
<arguments>
<arg>2s</arg>
</arguments>
<msg timestamp="20210315 14:35:31.659" level="INFO">Slept 2 seconds</msg>
<status status="PASS" starttime="20210315 14:35:29.654" endtime="20210315 14:35:31.659"></status>
</kw>
<kw name="Wait Until Element Is Visible" library="SeleniumLibrary">
<doc>Waits until the element ``locator`` is visible.</doc>
<arguments>
<arg>xpath://*[@class="create-button btn btn-primary"]</arg>
</arguments>
<status status="PASS" starttime="20210315 14:35:31.659" endtime="20210315 14:35:31.674"></status>
</kw>
<kw name="Click Element" library="SeleniumLibrary">
<doc>Click the element identified by ``locator``.</doc>
<arguments>
<arg>xpath://*[@class="create-button btn btn-primary"]</arg>
</arguments>
<msg timestamp="20210315 14:35:31.674" level="INFO">Clicking element 'xpath://*[@class="create-button btn btn-primary"]'.</msg>
<status status="PASS" starttime="20210315 14:35:31.674" endtime="20210315 14:35:31.991"></status>
</kw>
<kw name="Sleep" library="BuiltIn">
<doc>Pauses the test executed for the given time.</doc>
<arguments>
<arg>10s</arg>
</arguments>
<msg timestamp="20210315 14:35:42.005" level="INFO">Slept 10 seconds</msg>
<status status="PASS" starttime="20210315 14:35:31.991" endtime="20210315 14:35:42.005"></status>
</kw>
<status status="PASS" starttime="20210315 14:35:21.965" endtime="20210315 14:35:42.005" critical="yes"></status>
</test>
<test id="s1-t3" name="OpenMail">
<kw name="Open Mailbox" library="ImapLibrary2">
<doc>Open IMAP email client session to given ``host`` with given ``user`` and ``password``.</doc>
<arguments>
<arg>server=imap-mail.outlook.com</arg>
<arg>user=${mailId}</arg>
<arg>password=${mailPass}</arg>
</arguments>
<status status="PASS" starttime="20210315 14:35:42.005" endtime="20210315 14:35:42.754"></status>
</kw>
<kw name="Wait For Email" library="ImapLibrary2">
<doc>Wait for email message to arrived base on any given filter criteria.
Returns email index of the latest email message received.</doc>
<arguments>
<arg>fromEmail=${pccNotificationMailId}</arg>
</arguments>
<assign>
<var>${getLatestMail}</var>
</assign>
<msg timestamp="20210315 14:35:42.877" level="INFO">${getLatestMail} = 1127</msg>
<status status="PASS" starttime="20210315 14:35:42.754" endtime="20210315 14:35:42.877"></status>
</kw>
<kw name="Get Links From Email" library="ImapLibrary2">
<doc>Returns all links found in the email body from given ``email_index``.</doc>
<arguments>
<arg>${getLatestMail}</arg>
</arguments>
<assign>
<var>${getLink}</var>
</assign>
<msg timestamp="20210315 14:35:43.055" level="INFO">${getLink} = ['https://www.platinasystems.com/', 'https://172.17.2.242:9999/gui/setPass/token=eyJhbGciOiJIUzUxMiJ9.eyJzdWIiOiJhbnVyYWcuamFpbkBjYWxzb2Z0aW5jLmNvbSIsImV4cCI6MTYxNjQwMzkzMSwiaWF0IjoxNjE1Nzk5MTMxfQ.Wcl...</msg>
<status status="PASS" starttime="20210315 14:35:42.877" endtime="20210315 14:35:43.055"></status>
</kw>
<kw name="Log" library="BuiltIn">
<doc>Logs the given message with the given level.</doc>
<arguments>
<arg>get link is ${getLink}</arg>
</arguments>
<msg timestamp="20210315 14:35:43.055" level="INFO">get link is ['https://www.platinasystems.com/', 'https://172.17.2.242:9999/gui/setPass/token=eyJhbGciOiJIUzUxMiJ9.eyJzdWIiOiJhbnVyYWcuamFpbkBjYWxzb2Z0aW5jLmNvbSIsImV4cCI6MTYxNjQwMzkzMSwiaWF0IjoxNjE1Nzk5MTMxfQ.WclsFD643__lzM0kgtY4LcCWR7mrLf8ap2W6yoZhw07Q48P5SIWCLMMVvZ_1gt-hITAD8PQXY1XMNzxQz1qeVA', 'https://172.17.2.242:9999/gui/setPass/token=eyJhbGciOiJIUzUxMiJ9.eyJzdWIiOiJhbnVyYWcuamFpbkBjYWxzb2Z0aW5jLmNvbSIsImV4cCI6MTYxNjQwMzkzMSwiaWF0IjoxNjE1Nzk5MTMxfQ.WclsFD643__lzM0kgtY4LcCWR7mrLf8ap2W6yoZhw07Q48P5SIWCLMMVvZ_1gt-hITAD8PQXY1XMNzxQz1qeVA']</msg>
<status status="PASS" starttime="20210315 14:35:43.055" endtime="20210315 14:35:43.055"></status>
</kw>
<kw name="Set Global Variable" library="BuiltIn">
<doc>Makes a variable available globally in all tests and suites.</doc>
<arguments>
<arg>${passwordLink}</arg>
<arg>${getLink}[2]</arg>
</arguments>
<msg timestamp="20210315 14:35:43.055" level="INFO">${passwordLink} = https://172.17.2.242:9999/gui/setPass/token=eyJhbGciOiJIUzUxMiJ9.eyJzdWIiOiJhbnVyYWcuamFpbkBjYWxzb2Z0aW5jLmNvbSIsImV4cCI6MTYxNjQwMzkzMSwiaWF0IjoxNjE1Nzk5MTMxfQ.WclsFD643__lzM0kgtY4LcCWR7mrLf8ap2W6yoZh...</msg>
<status status="PASS" starttime="20210315 14:35:43.055" endtime="20210315 14:35:43.055"></status>
</kw>
<kw name="Close Mailbox" library="ImapLibrary2">
<doc>Close IMAP email client session.</doc>
<status status="PASS" starttime="20210315 14:35:43.055" endtime="20210315 14:35:43.093"></status>
</kw>
<status status="PASS" starttime="20210315 14:35:42.005" endtime="20210315 14:35:43.093" critical="yes"></status>
</test>
<test id="s1-t4" name="SetPassword">
<kw name="Go To" library="SeleniumLibrary">
<doc>Navigates the current browser window to the provided ``url``.</doc>
<arguments>
<arg>${passwordLink}</arg>
</arguments>
<msg timestamp="20210315 14:35:43.093" level="INFO">Opening url 'https://172.17.2.242:9999/gui/setPass/token=eyJhbGciOiJIUzUxMiJ9.eyJzdWIiOiJhbnVyYWcuamFpbkBjYWxzb2Z0aW5jLmNvbSIsImV4cCI6MTYxNjQwMzkzMSwiaWF0IjoxNjE1Nzk5MTMxfQ.WclsFD643__lzM0kgtY4LcCWR7mrLf8ap2W6yoZhw07Q48P5SIWCLMMVvZ_1gt-hITAD8PQXY1XMNzxQz1qeVA'</msg>
<status status="PASS" starttime="20210315 14:35:43.093" endtime="20210315 14:35:44.475"></status>
</kw>
<kw name="Input Text" library="SeleniumLibrary">
<doc>Types the given ``text`` into the text field identified by ``locator``.</doc>
<arguments>
<arg>xpath://input[@name="password"]</arg>
<arg>${newUserPass}</arg>
</arguments>
<msg timestamp="20210315 14:35:44.475" level="INFO">Typing text 'calsoft' into text field 'xpath://input[@name="password"]'.</msg>
<status status="PASS" starttime="20210315 14:35:44.475" endtime="20210315 14:35:44.528"></status>
</kw>
<kw name="Input Text" library="SeleniumLibrary">
<doc>Types the given ``text`` into the text field identified by ``locator``.</doc>
<arguments>
<arg>xpath://input[@name="confirmPassword"]</arg>
<arg>${newUserPass}</arg>
</arguments>
<msg timestamp="20210315 14:35:44.544" level="INFO">Typing text 'calsoft' into text field 'xpath://input[@name="confirmPassword"]'.</msg>
<status status="PASS" starttime="20210315 14:35:44.544" endtime="20210315 14:35:44.597"></status>
</kw>
<kw name="Click Element" library="SeleniumLibrary">
<doc>Click the element identified by ``locator``.</doc>
<arguments>
<arg>xpath://*[@class="btn-block btn btn-primary"]</arg>
</arguments>
<msg timestamp="20210315 14:35:44.597" level="INFO">Clicking element 'xpath://*[@class="btn-block btn btn-primary"]'.</msg>
<status status="PASS" starttime="20210315 14:35:44.597" endtime="20210315 14:35:44.829"></status>
</kw>
<status status="PASS" starttime="20210315 14:35:43.093" endtime="20210315 14:35:44.829" critical="yes"></status>
</test>
<test id="s1-t5" name="LoginWithNewUser">
<kw name="Wait Until Page Contains" library="SeleniumLibrary">
<doc>Waits until ``text`` appears on the current page.</doc>
<arguments>
<arg>Login</arg>
</arguments>
<status status="PASS" starttime="20210315 14:35:44.829" endtime="20210315 14:35:45.647"></status>
</kw>
<kw name="Input Text" library="SeleniumLibrary">
<doc>Types the given ``text`` into the text field identified by ``locator``.</doc>
<arguments>
<arg>xpath://*[@class="login-form"]//input[@class="form-control "]</arg>
<arg>${mailId}</arg>
</arguments>
<msg timestamp="20210315 14:35:45.647" level="INFO">Typing text 'anurag.jain@calsoftinc.com' into text field 'xpath://*[@class="login-form"]//input[@class="form-control "]'.</msg>
<status status="PASS" starttime="20210315 14:35:45.647" endtime="20210315 14:35:45.747"></status>
</kw>
<kw name="Input Text" library="SeleniumLibrary">
<doc>Types the given ``text`` into the text field identified by ``locator``.</doc>
<arguments>
<arg>xpath://*[@class="login-form"]//input[@class="form-control"]</arg>
<arg>${newUserPass}</arg>
</arguments>
<msg timestamp="20210315 14:35:45.747" level="INFO">Typing text 'calsoft' into text field 'xpath://*[@class="login-form"]//input[@class="form-control"]'.</msg>
<status status="PASS" starttime="20210315 14:35:45.747" endtime="20210315 14:35:45.785"></status>
</kw>
<kw name="Click Element" library="SeleniumLibrary">
<doc>Click the element identified by ``locator``.</doc>
<arguments>
<arg>xpath://*[@class="btn-block btn btn-primary"]</arg>
</arguments>
<msg timestamp="20210315 14:35:45.785" level="INFO">Clicking element 'xpath://*[@class="btn-block btn btn-primary"]'.</msg>
<status status="PASS" starttime="20210315 14:35:45.785" endtime="20210315 14:35:46.033"></status>
</kw>
<status status="PASS" starttime="20210315 14:35:44.829" endtime="20210315 14:35:46.033" critical="yes"></status>
</test>
<test id="s1-t6" name="LogOutCurrentUser">
<kw name="Sleep" library="BuiltIn">
<doc>Pauses the test executed for the given time.</doc>
<arguments>
<arg>15s</arg>
</arguments>
<msg timestamp="20210315 14:36:01.037" level="INFO">Slept 15 seconds</msg>
<status status="PASS" starttime="20210315 14:35:46.033" endtime="20210315 14:36:01.037"></status>
</kw>
<kw name="Click Element" library="SeleniumLibrary">
<doc>Click the element identified by ``locator``.</doc>
<arguments>
<arg>xpath://*[@class="profile-icon"]</arg>
</arguments>
<msg timestamp="20210315 14:36:01.037" level="INFO">Clicking element 'xpath://*[@class="profile-icon"]'.</msg>
<status status="PASS" starttime="20210315 14:36:01.037" endtime="20210315 14:36:01.369"></status>
</kw>
<kw name="Wait Until Page Contains" library="SeleniumLibrary">
<doc>Waits until ``text`` appears on the current page.</doc>
<arguments>
<arg>Log out</arg>
</arguments>
<status status="PASS" starttime="20210315 14:36:01.369" endtime="20210315 14:36:01.384"></status>
</kw>
<kw name="Click Element" library="SeleniumLibrary">
<doc>Click the element identified by ``locator``.</doc>
<arguments>
<arg>xpath://*[@class="user-settings-menu__item"][2]</arg>
</arguments>
<msg timestamp="20210315 14:36:01.384" level="INFO">Clicking element 'xpath://*[@class="user-settings-menu__item"][2]'.</msg>
<status status="PASS" starttime="20210315 14:36:01.384" endtime="20210315 14:36:01.653"></status>
</kw>
<status status="PASS" starttime="20210315 14:35:46.033" endtime="20210315 14:36:01.653" critical="yes"></status>
</test>
<test id="s1-t7" name="LoginToAdmin">
<kw name="Wait Until Page Contains" library="SeleniumLibrary">
<doc>Waits until ``text`` appears on the current page.</doc>
<arguments>
<arg>Login</arg>
</arguments>
<status status="PASS" starttime="20210315 14:36:01.653" endtime="20210315 14:36:01.653"></status>
</kw>
<kw name="Input Text" library="SeleniumLibrary">
<doc>Types the given ``text`` into the text field identified by ``locator``.</doc>
<arguments>
<arg>xpath://*[@class="login-form"]//input[@class="form-control "]</arg>
<arg>${adminUserName}</arg>
</arguments>
<msg timestamp="20210315 14:36:01.653" level="INFO">Typing text 'admin' into text field 'xpath://*[@class="login-form"]//input[@class="form-control "]'.</msg>
<status status="PASS" starttime="20210315 14:36:01.653" endtime="20210315 14:36:01.700"></status>
</kw>
<kw name="Input Text" library="SeleniumLibrary">
<doc>Types the given ``text`` into the text field identified by ``locator``.</doc>
<arguments>
<arg>xpath://*[@class="login-form"]//input[@class="form-control"]</arg>
<arg>${adminPass}</arg>
</arguments>
<msg timestamp="20210315 14:36:01.700" level="INFO">Typing text 'admin' into text field 'xpath://*[@class="login-form"]//input[@class="form-control"]'.</msg>
<status status="PASS" starttime="20210315 14:36:01.700" endtime="20210315 14:36:01.738"></status>
</kw>
<kw name="Click Element" library="SeleniumLibrary">
<doc>Click the element identified by ``locator``.</doc>
<arguments>
<arg>xpath://*[@class="btn-block btn btn-primary"]</arg>
</arguments>
<msg timestamp="20210315 14:36:01.738" level="INFO">Clicking element 'xpath://*[@class="btn-block btn btn-primary"]'.</msg>
<status status="PASS" starttime="20210315 14:36:01.738" endtime="20210315 14:36:01.986"></status>
</kw>
<status status="PASS" starttime="20210315 14:36:01.653" endtime="20210315 14:36:01.986" critical="yes"></status>
</test>
<test id="s1-t8" name="DeleteUser">
<kw name="Wait Until Element Is Visible" library="SeleniumLibrary">
<doc>Waits until the element ``locator`` is visible.</doc>
<arguments>
<arg>xpath://a[starts-with(@href, '/gui/users')]</arg>
</arguments>
<status status="PASS" starttime="20210315 14:36:01.986" endtime="20210315 14:36:03.660"></status>
</kw>
<kw name="Click Element" library="SeleniumLibrary">
<doc>Click the element identified by ``locator``.</doc>
<arguments>
<arg>xpath://a[starts-with(@href, '/gui/users')]</arg>
</arguments>
<msg timestamp="20210315 14:36:03.670" level="INFO">Clicking element 'xpath://a[starts-with(@href, '/gui/users')]'.</msg>
<status status="PASS" starttime="20210315 14:36:03.670" endtime="20210315 14:36:04.094"></status>
</kw>
<kw name="Wait Until Page Contains" library="SeleniumLibrary">
<doc>Waits until ``text`` appears on the current page.</doc>
<arguments>
<arg>${mailId}</arg>
</arguments>
<status status="PASS" starttime="20210315 14:36:04.094" endtime="20210315 14:36:07.072"></status>
</kw>
<kw name="Click Element" library="SeleniumLibrary">
<doc>Click the element identified by ``locator``.</doc>
<arguments>
<arg>xpath://*[@class="rt-column-header"]/*[@class="crud-data-table__select-column"]</arg>
</arguments>
<msg timestamp="20210315 14:36:07.072" level="INFO">Clicking element 'xpath://*[@class="rt-column-header"]/*[@class="crud-data-table__select-column"]'.</msg>
<status status="PASS" starttime="20210315 14:36:07.072" endtime="20210315 14:36:07.335"></status>
</kw>
<kw name="Click Element" library="SeleniumLibrary">
<doc>Click the element identified by ``locator``.</doc>
<arguments>
<arg>xpath://*[@class="crud-data-table__buttons"]/*[@class="pcc-icon pcc-icon--active undefined"]</arg>
</arguments>
<msg timestamp="20210315 14:36:07.350" level="INFO">Clicking element 'xpath://*[@class="crud-data-table__buttons"]/*[@class="pcc-icon pcc-icon--active undefined"]'.</msg>
<status status="PASS" starttime="20210315 14:36:07.350" endtime="20210315 14:36:07.627"></status>
</kw>
<kw name="Wait Until Element Is Visible" library="SeleniumLibrary">
<doc>Waits until the element ``locator`` is visible.</doc>
<arguments>
<arg>xpath://*[@class="btn btn-primary"]</arg>
</arguments>
<status status="PASS" starttime="20210315 14:36:07.635" endtime="20210315 14:36:07.667"></status>
</kw>
<kw name="Click Element" library="SeleniumLibrary">
<doc>Click the element identified by ``locator``.</doc>
<arguments>
<arg>xpath://*[@class="btn btn-primary"]</arg>
</arguments>
<msg timestamp="20210315 14:36:07.696" level="INFO">Clicking element 'xpath://*[@class="btn btn-primary"]'.</msg>
<status status="PASS" starttime="20210315 14:36:07.696" endtime="20210315 14:36:08.032"></status>
</kw>
<status status="PASS" starttime="20210315 14:36:01.986" endtime="20210315 14:36:08.032" critical="yes"></status>
</test>
<kw name="Close Browser" library="SeleniumLibrary" type="teardown">
<doc>Closes the current browser.</doc>
<status status="PASS" starttime="20210315 14:36:08.032" endtime="20210315 14:36:14.661"></status>
</kw>
<status status="PASS" starttime="20210315 14:34:54.462" endtime="20210315 14:36:14.661"></status>
</suite>
<statistics>
<total>
<stat pass="8" fail="0">Critical Tests</stat>
<stat pass="8" fail="0">All Tests</stat>
</total>
<tag>
</tag>
<suite>
<stat pass="8" fail="0" id="s1" name="addUserHeadless">addUserHeadless</stat>
</suite>
</statistics>
<errors>
</errors>
</robot>
